[2020-02-02 05:15:47] notes.DEBUG: デバッグ　メッセージ　 [] []
[2020-02-02 05:15:47] notes.DEBUG: /Applications/XAMPP/xamppfiles/htdocs/memo [] []
[2020-02-02 05:15:47] notes.WARNING: 警告レベル　　の　メッセージ　　　 [] []
[2020-02-02 05:15:47] notes.ERROR: EROORです　 [] []
[2020-02-02 05:15:52] notes.DEBUG: デバッグ　メッセージ　 [] []
[2020-02-02 05:15:52] notes.DEBUG: /Applications/XAMPP/xamppfiles/htdocs/memo [] []
[2020-02-02 05:15:52] notes.WARNING: 警告レベル　　の　メッセージ　　　 [] []
[2020-02-02 05:15:52] notes.ERROR: EROORです　 [] []
[2020-02-02 05:15:55] notes.DEBUG: デバッグ　メッセージ　 [] []
[2020-02-02 05:15:55] notes.DEBUG: /Applications/XAMPP/xamppfiles/htdocs/memo [] []
[2020-02-02 05:15:55] notes.WARNING: 警告レベル　　の　メッセージ　　　 [] []
[2020-02-02 05:15:55] notes.ERROR: EROORです　 [] []
[2020-02-02 05:16:08] notes.DEBUG: デバッグ　メッセージ　 [] []
[2020-02-02 05:16:08] notes.DEBUG: /Applications/XAMPP/xamppfiles/htdocs/memo [] []
[2020-02-02 05:16:08] notes.WARNING: 警告レベル　　の　メッセージ　　　 [] []
[2020-02-02 05:16:08] notes.ERROR: EROORです　 [] []
[2020-02-02 05:16:34] notes.DEBUG: デバッグ　メッセージ　 [] []
[2020-02-02 05:16:34] notes.DEBUG: /Applications/XAMPP/xamppfiles/htdocs/memo [] []
[2020-02-02 05:16:34] notes.WARNING: 警告レベル　　の　メッセージ　　　 [] []
[2020-02-02 05:16:34] notes.ERROR: EROORです　 [] []
[2020-02-02 05:16:38] notes.DEBUG: デバッグ　メッセージ　 [] []
[2020-02-02 05:16:38] notes.DEBUG: /Applications/XAMPP/xamppfiles/htdocs/memo [] []
[2020-02-02 05:16:38] notes.WARNING: 警告レベル　　の　メッセージ　　　 [] []
[2020-02-02 05:16:38] notes.ERROR: EROORです　 [] []
[2020-02-02 05:17:00] notes.DEBUG: デバッグ　メッセージ　 [] []
[2020-02-02 05:17:00] notes.DEBUG: /Applications/XAMPP/xamppfiles/htdocs/memo [] []
[2020-02-02 05:17:00] notes.WARNING: 警告レベル　　の　メッセージ　　　 [] []
[2020-02-02 05:17:00] notes.ERROR: EROORです　 [] []
[2020-02-02 05:17:06] notes.DEBUG: デバッグ　メッセージ　 [] []
[2020-02-02 05:17:06] notes.DEBUG: /Applications/XAMPP/xamppfiles/htdocs/memo [] []
[2020-02-02 05:17:06] notes.WARNING: 警告レベル　　の　メッセージ　　　 [] []
[2020-02-02 05:17:06] notes.ERROR: EROORです　 [] []
[2020-02-02 05:17:16] notes.DEBUG: デバッグ　メッセージ　 [] []
[2020-02-02 05:17:16] notes.DEBUG: /Applications/XAMPP/xamppfiles/htdocs/memo [] []
[2020-02-02 05:17:16] notes.WARNING: 警告レベル　　の　メッセージ　　　 [] []
[2020-02-02 05:17:16] notes.ERROR: EROORです　 [] []
[2020-02-02 05:41:46] notes.DEBUG: デバッグ　メッセージ　 [] []
[2020-02-02 05:41:46] notes.DEBUG: /Applications/XAMPP/xamppfiles/htdocs/memo [] []
[2020-02-02 05:41:46] notes.WARNING: 警告レベル　　の　メッセージ　　　 [] []
[2020-02-02 05:41:46] notes.ERROR: EROORです　 [] []
[2020-02-02 05:57:23] notes.DEBUG: デバッグ　メッセージ　 [] []
[2020-02-02 05:57:23] notes.DEBUG: /Applications/XAMPP/xamppfiles/htdocs/memo [] []
[2020-02-02 05:57:23] notes.WARNING: 警告レベル　　の　メッセージ　　　 [] []
[2020-02-02 05:57:23] notes.ERROR: EROORです　 [] []
[2020-02-02 06:28:32] notes.DEBUG: デバッグ　メッセージ　 [] []
[2020-02-02 06:28:32] notes.DEBUG: /Applications/XAMPP/xamppfiles/htdocs/memo [] []
[2020-02-02 06:28:32] notes.WARNING: 警告レベル　　の　メッセージ　　　 [] []
[2020-02-02 06:28:32] notes.ERROR: EROORです　 [] []
[2020-02-02 06:28:45] notes.DEBUG: デバッグ　メッセージ　 [] []
[2020-02-02 06:28:45] notes.DEBUG: /Applications/XAMPP/xamppfiles/htdocs/memo [] []
[2020-02-02 06:28:45] notes.WARNING: 警告レベル　　の　メッセージ　　　 [] []
[2020-02-02 06:28:45] notes.ERROR: EROORです　 [] []
[2020-02-02 06:28:49] notes.DEBUG: デバッグ　メッセージ　 [] []
[2020-02-02 06:28:49] notes.DEBUG: /Applications/XAMPP/xamppfiles/htdocs/memo [] []
[2020-02-02 06:28:49] notes.WARNING: 警告レベル　　の　メッセージ　　　 [] []
[2020-02-02 06:28:49] notes.ERROR: EROORです　 [] []
[2020-02-02 06:28:52] notes.DEBUG: デバッグ　メッセージ　 [] []
[2020-02-02 06:28:52] notes.DEBUG: /Applications/XAMPP/xamppfiles/htdocs/memo [] []
[2020-02-02 06:28:52] notes.WARNING: 警告レベル　　の　メッセージ　　　 [] []
[2020-02-02 06:28:52] notes.ERROR: EROORです　 [] []
[2020-02-02 06:28:56] notes.DEBUG: デバッグ　メッセージ　 [] []
[2020-02-02 06:28:56] notes.DEBUG: /Applications/XAMPP/xamppfiles/htdocs/memo [] []
[2020-02-02 06:28:56] notes.WARNING: 警告レベル　　の　メッセージ　　　 [] []
[2020-02-02 06:28:56] notes.ERROR: EROORです　 [] []
[2020-02-02 06:29:03] notes.DEBUG: デバッグ　メッセージ　 [] []
[2020-02-02 06:29:03] notes.DEBUG: /Applications/XAMPP/xamppfiles/htdocs/memo [] []
[2020-02-02 06:29:03] notes.WARNING: 警告レベル　　の　メッセージ　　　 [] []
[2020-02-02 06:29:03] notes.ERROR: EROORです　 [] []
[2020-02-02 06:39:35] notes.DEBUG: デバッグ　メッセージ　 [] []
[2020-02-02 06:39:35] notes.DEBUG: /Applications/XAMPP/xamppfiles/htdocs/memo [] []
[2020-02-02 06:39:35] notes.WARNING: 警告レベル　　の　メッセージ　　　 [] []
[2020-02-02 06:39:35] notes.ERROR: EROORです　 [] []
[2020-02-02 06:39:39] notes.DEBUG: デバッグ　メッセージ　 [] []
[2020-02-02 06:39:39] notes.DEBUG: /Applications/XAMPP/xamppfiles/htdocs/memo [] []
[2020-02-02 06:39:39] notes.WARNING: 警告レベル　　の　メッセージ　　　 [] []
[2020-02-02 06:39:39] notes.ERROR: EROORです　 [] []
[2020-02-02 06:39:41] notes.DEBUG: デバッグ　メッセージ　 [] []
[2020-02-02 06:39:41] notes.DEBUG: /Applications/XAMPP/xamppfiles/htdocs/memo [] []
[2020-02-02 06:39:41] notes.WARNING: 警告レベル　　の　メッセージ　　　 [] []
[2020-02-02 06:39:41] notes.ERROR: EROORです　 [] []
[2020-02-02 06:39:44] notes.DEBUG: デバッグ　メッセージ　 [] []
[2020-02-02 06:39:44] notes.DEBUG: /Applications/XAMPP/xamppfiles/htdocs/memo [] []
[2020-02-02 06:39:44] notes.WARNING: 警告レベル　　の　メッセージ　　　 [] []
[2020-02-02 06:39:44] notes.ERROR: EROORです　 [] []
[2020-02-02 06:39:52] notes.DEBUG: デバッグ　メッセージ　 [] []
[2020-02-02 06:39:52] notes.DEBUG: /Applications/XAMPP/xamppfiles/htdocs/memo [] []
[2020-02-02 06:39:52] notes.WARNING: 警告レベル　　の　メッセージ　　　 [] []
[2020-02-02 06:39:52] notes.ERROR: EROORです　 [] []
[2020-02-02 06:39:55] notes.DEBUG: デバッグ　メッセージ　 [] []
[2020-02-02 06:39:55] notes.DEBUG: /Applications/XAMPP/xamppfiles/htdocs/memo [] []
[2020-02-02 06:39:55] notes.WARNING: 警告レベル　　の　メッセージ　　　 [] []
[2020-02-02 06:39:55] notes.ERROR: EROORです　 [] []
[2020-02-02 07:02:27] notes.DEBUG: デバッグ　メッセージ　 [] []
[2020-02-02 07:02:27] notes.DEBUG: /Applications/XAMPP/xamppfiles/htdocs/memo [] []
[2020-02-02 07:02:27] notes.WARNING: 警告レベル　　の　メッセージ　　　 [] []
[2020-02-02 07:02:27] notes.ERROR: EROORです　 [] []
[2020-02-02 07:05:25] notes.DEBUG: デバッグ　メッセージ　 [] []
[2020-02-02 07:05:25] notes.DEBUG: /Applications/XAMPP/xamppfiles/htdocs/memo [] []
[2020-02-02 07:05:25] notes.WARNING: 警告レベル　　の　メッセージ　　　 [] []
[2020-02-02 07:05:25] notes.ERROR: EROORです　 [] []
[2020-02-02 07:05:28] notes.DEBUG: デバッグ　メッセージ　 [] []
[2020-02-02 07:05:28] notes.DEBUG: /Applications/XAMPP/xamppfiles/htdocs/memo [] []
[2020-02-02 07:05:28] notes.WARNING: 警告レベル　　の　メッセージ　　　 [] []
[2020-02-02 07:05:28] notes.ERROR: EROORです　 [] []
[2020-02-02 07:14:00] notes.DEBUG: デバッグ　メッセージ　 [] []
[2020-02-02 07:14:00] notes.DEBUG: /Applications/XAMPP/xamppfiles/htdocs/memo [] []
[2020-02-02 07:14:00] notes.WARNING: 警告レベル　　の　メッセージ　　　 [] []
[2020-02-02 07:14:00] notes.ERROR: EROORです　 [] []
[2020-02-02 07:14:06] notes.DEBUG: デバッグ　メッセージ　 [] []
[2020-02-02 07:14:06] notes.DEBUG: /Applications/XAMPP/xamppfiles/htdocs/memo [] []
[2020-02-02 07:14:06] notes.WARNING: 警告レベル　　の　メッセージ　　　 [] []
[2020-02-02 07:14:06] notes.ERROR: EROORです　 [] []
[2020-02-02 07:14:11] notes.DEBUG: デバッグ　メッセージ　 [] []
[2020-02-02 07:14:11] notes.DEBUG: /Applications/XAMPP/xamppfiles/htdocs/memo [] []
[2020-02-02 07:14:11] notes.WARNING: 警告レベル　　の　メッセージ　　　 [] []
[2020-02-02 07:14:11] notes.ERROR: EROORです　 [] []
[2020-02-02 07:14:16] notes.DEBUG: デバッグ　メッセージ　 [] []
[2020-02-02 07:14:16] notes.DEBUG: /Applications/XAMPP/xamppfiles/htdocs/memo [] []
[2020-02-02 07:14:16] notes.WARNING: 警告レベル　　の　メッセージ　　　 [] []
[2020-02-02 07:14:16] notes.ERROR: EROORです　 [] []
[2020-02-02 07:14:54] notes.DEBUG: デバッグ　メッセージ　 [] []
[2020-02-02 07:14:54] notes.DEBUG: /Applications/XAMPP/xamppfiles/htdocs/memo [] []
[2020-02-02 07:14:54] notes.WARNING: 警告レベル　　の　メッセージ　　　 [] []
[2020-02-02 07:14:54] notes.ERROR: EROORです　 [] []
[2020-02-02 08:27:58] notes.DEBUG: デバッグ　メッセージ　 [] []
[2020-02-02 08:27:58] notes.DEBUG: /Applications/XAMPP/xamppfiles/htdocs/memo [] []
[2020-02-02 08:27:58] notes.WARNING: 警告レベル　　の　メッセージ　　　 [] []
[2020-02-02 08:27:58] notes.ERROR: EROORです　 [] []
[2020-02-02 08:29:41] notes.DEBUG: デバッグ　メッセージ　 [] []
[2020-02-02 08:29:41] notes.DEBUG: /Applications/XAMPP/xamppfiles/htdocs/memo [] []
[2020-02-02 08:29:41] notes.WARNING: 警告レベル　　の　メッセージ　　　 [] []
[2020-02-02 08:29:41] notes.ERROR: EROORです　 [] []
[2020-02-02 08:38:18] notes.DEBUG: デバッグ　メッセージ　 [] []
[2020-02-02 08:38:18] notes.DEBUG: /Applications/XAMPP/xamppfiles/htdocs/memo [] []
[2020-02-02 08:38:18] notes.WARNING: 警告レベル　　の　メッセージ　　　 [] []
[2020-02-02 08:38:18] notes.ERROR: EROORです　 [] []
[2020-02-02 08:54:58] notes.DEBUG: デバッグ　メッセージ　 [] []
[2020-02-02 08:54:58] notes.DEBUG: /Applications/XAMPP/xamppfiles/htdocs/memo [] []
[2020-02-02 08:54:58] notes.WARNING: 警告レベル　　の　メッセージ　　　 [] []
[2020-02-02 08:54:58] notes.ERROR: EROORです　 [] []
[2020-02-02 08:56:16] notes.DEBUG: デバッグ　メッセージ　 [] []
[2020-02-02 08:56:16] notes.DEBUG: /Applications/XAMPP/xamppfiles/htdocs/memo [] []
[2020-02-02 08:56:16] notes.WARNING: 警告レベル　　の　メッセージ　　　 [] []
[2020-02-02 08:56:16] notes.ERROR: EROORです　 [] []
[2020-02-02 09:04:55] notes.DEBUG: デバッグ　メッセージ　 [] []
[2020-02-02 09:04:55] notes.DEBUG: /Applications/XAMPP/xamppfiles/htdocs/memo [] []
[2020-02-02 09:04:55] notes.WARNING: 警告レベル　　の　メッセージ　　　 [] []
[2020-02-02 09:04:55] notes.ERROR: EROORです　 [] []
[2020-02-02 09:05:09] notes.DEBUG: デバッグ　メッセージ　 [] []
[2020-02-02 09:05:09] notes.DEBUG: /Applications/XAMPP/xamppfiles/htdocs/memo [] []
[2020-02-02 09:05:09] notes.WARNING: 警告レベル　　の　メッセージ　　　 [] []
[2020-02-02 09:05:09] notes.ERROR: EROORです　 [] []
[2020-02-02 09:09:25] notes.DEBUG: デバッグ　メッセージ　 [] []
[2020-02-02 09:09:25] notes.DEBUG: /Applications/XAMPP/xamppfiles/htdocs/memo [] []
[2020-02-02 09:09:25] notes.WARNING: 警告レベル　　の　メッセージ　　　 [] []
[2020-02-02 09:09:25] notes.ERROR: EROORです　 [] []
[2020-02-02 14:59:21] notes.DEBUG: デバッグ　メッセージ　 [] []
[2020-02-02 14:59:21] notes.DEBUG: /Applications/XAMPP/xamppfiles/htdocs/memo [] []
[2020-02-02 14:59:21] notes.WARNING: 警告レベル　　の　メッセージ　　　 [] []
[2020-02-02 14:59:21] notes.ERROR: EROORです　 [] []
[2020-02-02 15:02:34] notes.DEBUG: デバッグ　メッセージ　 [] []
[2020-02-02 15:02:34] notes.DEBUG: /Applications/XAMPP/xamppfiles/htdocs/memo [] []
[2020-02-02 15:02:34] notes.WARNING: 警告レベル　　の　メッセージ　　　 [] []
[2020-02-02 15:02:34] notes.ERROR: EROORです　 [] []
[2020-02-02 15:02:59] notes.DEBUG: デバッグ　メッセージ　 [] []
[2020-02-02 15:02:59] notes.DEBUG: /Applications/XAMPP/xamppfiles/htdocs/memo [] []
[2020-02-02 15:02:59] notes.WARNING: 警告レベル　　の　メッセージ　　　 [] []
[2020-02-02 15:02:59] notes.ERROR: EROORです　 [] []
[2020-02-02 15:03:07] notes.DEBUG: デバッグ　メッセージ　 [] []
[2020-02-02 15:03:07] notes.DEBUG: /Applications/XAMPP/xamppfiles/htdocs/memo [] []
[2020-02-02 15:03:07] notes.WARNING: 警告レベル　　の　メッセージ　　　 [] []
[2020-02-02 15:03:07] notes.ERROR: EROORです　 [] []
[2020-02-03 07:20:08] notes.DEBUG: デバッグ　メッセージ　 [] []
[2020-02-03 07:20:08] notes.DEBUG: /Applications/XAMPP/xamppfiles/htdocs/memo [] []
[2020-02-03 07:20:08] notes.WARNING: 警告レベル　　の　メッセージ　　　 [] []
[2020-02-03 07:20:08] notes.ERROR: EROORです　 [] []
[2020-02-04 10:41:25] notes.DEBUG: デバッグ　メッセージ　 [] []
[2020-02-04 10:41:25] notes.DEBUG: /Applications/XAMPP/xamppfiles/htdocs/memo [] []
[2020-02-04 10:41:25] notes.WARNING: 警告レベル　　の　メッセージ　　　 [] []
[2020-02-04 10:41:25] notes.ERROR: EROORです　 [] []
[2020-02-05 07:31:27] notes.DEBUG: デバッグ　メッセージ　 [] []
[2020-02-05 07:31:27] notes.DEBUG: /Applications/XAMPP/xamppfiles/htdocs/memo [] []
[2020-02-05 07:31:27] notes.WARNING: 警告レベル　　の　メッセージ　　　 [] []
[2020-02-05 07:31:27] notes.ERROR: EROORです　 [] []
[2020-02-05 07:31:29] notes.DEBUG: デバッグ　メッセージ　 [] []
[2020-02-05 07:31:29] notes.DEBUG: /Applications/XAMPP/xamppfiles/htdocs/memo [] []
[2020-02-05 07:31:29] notes.WARNING: 警告レベル　　の　メッセージ　　　 [] []
[2020-02-05 07:31:29] notes.ERROR: EROORです　 [] []
[2020-02-05 07:31:40] notes.DEBUG: デバッグ　メッセージ　 [] []
[2020-02-05 07:31:40] notes.DEBUG: /Applications/XAMPP/xamppfiles/htdocs/memo [] []
[2020-02-05 07:31:40] notes.WARNING: 警告レベル　　の　メッセージ　　　 [] []
[2020-02-05 07:31:40] notes.ERROR: EROORです　 [] []
[2020-02-05 07:31:47] notes.DEBUG: デバッグ　メッセージ　 [] []
[2020-02-05 07:31:47] notes.DEBUG: /Applications/XAMPP/xamppfiles/htdocs/memo [] []
[2020-02-05 07:31:47] notes.WARNING: 警告レベル　　の　メッセージ　　　 [] []
[2020-02-05 07:31:47] notes.ERROR: EROORです　 [] []
[2020-02-07 04:26:36] notes.DEBUG: デバッグ　メッセージ　 [] []
[2020-02-07 04:26:36] notes.DEBUG: /Applications/XAMPP/xamppfiles/htdocs/memo [] []
[2020-02-07 04:26:36] notes.WARNING: 警告レベル　　の　メッセージ　　　 [] []
[2020-02-07 04:26:36] notes.ERROR: EROORです　 [] []
[2020-02-07 04:40:25] notes.DEBUG: デバッグ　メッセージ　 [] []
[2020-02-07 04:40:25] notes.DEBUG: /Applications/XAMPP/xamppfiles/htdocs/memo [] []
[2020-02-07 04:40:25] notes.WARNING: 警告レベル　　の　メッセージ　　　 [] []
[2020-02-07 04:40:25] notes.ERROR: EROORです　 [] []
[2020-02-07 04:40:29] notes.DEBUG: デバッグ　メッセージ　 [] []
[2020-02-07 04:40:29] notes.DEBUG: /Applications/XAMPP/xamppfiles/htdocs/memo [] []
[2020-02-07 04:40:29] notes.WARNING: 警告レベル　　の　メッセージ　　　 [] []
[2020-02-07 04:40:29] notes.ERROR: EROORです　 [] []
[2020-02-07 04:47:16] notes.DEBUG: デバッグ　メッセージ　 [] []
[2020-02-07 04:47:16] notes.DEBUG: /Applications/XAMPP/xamppfiles/htdocs/memo [] []
[2020-02-07 04:47:16] notes.WARNING: 警告レベル　　の　メッセージ　　　 [] []
[2020-02-07 04:47:16] notes.ERROR: EROORです　 [] []
[2020-02-07 04:47:41] notes.DEBUG: デバッグ　メッセージ　 [] []
[2020-02-07 04:47:41] notes.DEBUG: /Applications/XAMPP/xamppfiles/htdocs/memo [] []
[2020-02-07 04:47:41] notes.WARNING: 警告レベル　　の　メッセージ　　　 [] []
[2020-02-07 04:47:41] notes.ERROR: EROORです　 [] []
[2020-02-07 05:05:55] notes.DEBUG: デバッグ　メッセージ　 [] []
[2020-02-07 05:05:55] notes.DEBUG: /Applications/XAMPP/xamppfiles/htdocs/memo [] []
[2020-02-07 05:05:55] notes.WARNING: 警告レベル　　の　メッセージ　　　 [] []
[2020-02-07 05:05:55] notes.ERROR: EROORです　 [] []
[2020-02-07 05:23:09] notes.DEBUG: デバッグ　メッセージ　 [] []
[2020-02-07 05:23:09] notes.DEBUG: /Applications/XAMPP/xamppfiles/htdocs/memo [] []
[2020-02-07 05:23:09] notes.WARNING: 警告レベル　　の　メッセージ　　　 [] []
[2020-02-07 05:23:09] notes.ERROR: EROORです　 [] []
[2020-02-07 05:26:02] notes.DEBUG: デバッグ　メッセージ　 [] []
[2020-02-07 05:26:02] notes.DEBUG: /Applications/XAMPP/xamppfiles/htdocs/memo [] []
[2020-02-07 05:26:02] notes.WARNING: 警告レベル　　の　メッセージ　　　 [] []
[2020-02-07 05:26:02] notes.ERROR: EROORです　 [] []
[2020-02-07 05:26:10] notes.DEBUG: デバッグ　メッセージ　 [] []
[2020-02-07 05:26:10] notes.DEBUG: /Applications/XAMPP/xamppfiles/htdocs/memo [] []
[2020-02-07 05:26:10] notes.WARNING: 警告レベル　　の　メッセージ　　　 [] []
[2020-02-07 05:26:10] notes.ERROR: EROORです　 [] []
[2020-02-07 05:28:54] notes.DEBUG: デバッグ　メッセージ　 [] []
[2020-02-07 05:28:54] notes.DEBUG: /Applications/XAMPP/xamppfiles/htdocs/memo [] []
[2020-02-07 05:28:54] notes.WARNING: 警告レベル　　の　メッセージ　　　 [] []
[2020-02-07 05:28:54] notes.ERROR: EROORです　 [] []
[2020-02-07 06:54:52] notes.DEBUG: デバッグ　メッセージ　 [] []
[2020-02-07 06:54:52] notes.DEBUG: /Applications/XAMPP/xamppfiles/htdocs/memo [] []
[2020-02-07 06:54:52] notes.WARNING: 警告レベル　　の　メッセージ　　　 [] []
[2020-02-07 06:54:52] notes.ERROR: EROORです　 [] []
[2020-02-07 06:54:55] notes.DEBUG: デバッグ　メッセージ　 [] []
[2020-02-07 06:54:55] notes.DEBUG: /Applications/XAMPP/xamppfiles/htdocs/memo [] []
[2020-02-07 06:54:55] notes.WARNING: 警告レベル　　の　メッセージ　　　 [] []
[2020-02-07 06:54:55] notes.ERROR: EROORです　 [] []
[2020-02-07 06:55:12] notes.DEBUG: デバッグ　メッセージ　 [] []
[2020-02-07 06:55:12] notes.DEBUG: /Applications/XAMPP/xamppfiles/htdocs/memo [] []
[2020-02-07 06:55:12] notes.WARNING: 警告レベル　　の　メッセージ　　　 [] []
[2020-02-07 06:55:12] notes.ERROR: EROORです　 [] []
[2020-02-07 06:55:21] notes.DEBUG: デバッグ　メッセージ　 [] []
[2020-02-07 06:55:21] notes.DEBUG: /Applications/XAMPP/xamppfiles/htdocs/memo [] []
[2020-02-07 06:55:21] notes.WARNING: 警告レベル　　の　メッセージ　　　 [] []
[2020-02-07 06:55:21] notes.ERROR: EROORです　 [] []
[2020-02-07 06:55:24] notes.DEBUG: デバッグ　メッセージ　 [] []
[2020-02-07 06:55:24] notes.DEBUG: /Applications/XAMPP/xamppfiles/htdocs/memo [] []
[2020-02-07 06:55:24] notes.WARNING: 警告レベル　　の　メッセージ　　　 [] []
[2020-02-07 06:55:24] notes.ERROR: EROORです　 [] []
[2020-02-08 04:28:26] notes.DEBUG: デバッグ　メッセージ　 [] []
[2020-02-08 04:28:26] notes.DEBUG: /Applications/XAMPP/xamppfiles/htdocs/memo [] []
[2020-02-08 04:28:26] notes.WARNING: 警告レベル　　の　メッセージ　　　 [] []
[2020-02-08 04:28:26] notes.ERROR: EROORです　 [] []
[2020-02-08 04:28:49] notes.DEBUG: デバッグ　メッセージ　 [] []
[2020-02-08 04:28:49] notes.DEBUG: /Applications/XAMPP/xamppfiles/htdocs/memo [] []
[2020-02-08 04:28:49] notes.WARNING: 警告レベル　　の　メッセージ　　　 [] []
[2020-02-08 04:28:49] notes.ERROR: EROORです　 [] []
[2020-02-08 04:28:54] notes.DEBUG: デバッグ　メッセージ　 [] []
[2020-02-08 04:28:54] notes.DEBUG: /Applications/XAMPP/xamppfiles/htdocs/memo [] []
[2020-02-08 04:28:54] notes.WARNING: 警告レベル　　の　メッセージ　　　 [] []
[2020-02-08 04:28:54] notes.ERROR: EROORです　 [] []
[2020-02-08 14:01:06] notes.DEBUG: デバッグ　メッセージ　 [] []
[2020-02-08 14:01:06] notes.DEBUG: /Applications/XAMPP/xamppfiles/htdocs/memo [] []
[2020-02-08 14:01:06] notes.WARNING: 警告レベル　　の　メッセージ　　　 [] []
[2020-02-08 14:01:06] notes.ERROR: EROORです　 [] []
[2020-02-08 14:04:48] notes.DEBUG: デバッグ　メッセージ　 [] []
[2020-02-08 14:04:48] notes.DEBUG: /Applications/XAMPP/xamppfiles/htdocs/memo [] []
[2020-02-08 14:04:48] notes.WARNING: 警告レベル　　の　メッセージ　　　 [] []
[2020-02-08 14:04:48] notes.ERROR: EROORです　 [] []
[2020-02-08 14:06:01] notes.DEBUG: デバッグ　メッセージ　 [] []
[2020-02-08 14:06:01] notes.DEBUG: /Applications/XAMPP/xamppfiles/htdocs/memo [] []
[2020-02-08 14:06:01] notes.WARNING: 警告レベル　　の　メッセージ　　　 [] []
[2020-02-08 14:06:01] notes.ERROR: EROORです　 [] []
[2020-02-08 14:26:52] notes.DEBUG: デバッグ　メッセージ　 [] []
[2020-02-08 14:26:52] notes.DEBUG: /Applications/XAMPP/xamppfiles/htdocs/memo [] []
[2020-02-08 14:26:52] notes.WARNING: 警告レベル　　の　メッセージ　　　 [] []
[2020-02-08 14:26:52] notes.ERROR: EROORです　 [] []
[2020-02-08 14:29:23] notes.DEBUG: デバッグ　メッセージ　 [] []
[2020-02-08 14:29:23] notes.DEBUG: /Applications/XAMPP/xamppfiles/htdocs/memo [] []
[2020-02-08 14:29:23] notes.WARNING: 警告レベル　　の　メッセージ　　　 [] []
[2020-02-08 14:29:23] notes.ERROR: EROORです　 [] []
[2020-02-08 14:29:33] notes.DEBUG: デバッグ　メッセージ　 [] []
[2020-02-08 14:29:33] notes.DEBUG: /Applications/XAMPP/xamppfiles/htdocs/memo [] []
[2020-02-08 14:29:33] notes.WARNING: 警告レベル　　の　メッセージ　　　 [] []
[2020-02-08 14:29:33] notes.ERROR: EROORです　 [] []
[2020-02-08 14:31:17] notes.DEBUG: デバッグ　メッセージ　 [] []
[2020-02-08 14:31:17] notes.DEBUG: /Applications/XAMPP/xamppfiles/htdocs/memo [] []
[2020-02-08 14:31:17] notes.WARNING: 警告レベル　　の　メッセージ　　　 [] []
[2020-02-08 14:31:17] notes.ERROR: EROORです　 [] []
[2020-02-08 14:31:51] notes.DEBUG: デバッグ　メッセージ　 [] []
[2020-02-08 14:31:51] notes.DEBUG: /Applications/XAMPP/xamppfiles/htdocs/memo [] []
[2020-02-08 14:31:51] notes.WARNING: 警告レベル　　の　メッセージ　　　 [] []
[2020-02-08 14:31:51] notes.ERROR: EROORです　 [] []
[2020-02-08 14:31:59] notes.DEBUG: デバッグ　メッセージ　 [] []
[2020-02-08 14:31:59] notes.DEBUG: /Applications/XAMPP/xamppfiles/htdocs/memo [] []
[2020-02-08 14:31:59] notes.WARNING: 警告レベル　　の　メッセージ　　　 [] []
[2020-02-08 14:31:59] notes.ERROR: EROORです　 [] []
[2020-02-08 14:34:35] notes.DEBUG: デバッグ　メッセージ　 [] []
[2020-02-08 14:34:35] notes.DEBUG: /Applications/XAMPP/xamppfiles/htdocs/memo [] []
[2020-02-08 14:34:35] notes.WARNING: 警告レベル　　の　メッセージ　　　 [] []
[2020-02-08 14:34:35] notes.ERROR: EROORです　 [] []
[2020-02-08 14:34:59] notes.DEBUG: デバッグ　メッセージ　 [] []
[2020-02-08 14:34:59] notes.DEBUG: /Applications/XAMPP/xamppfiles/htdocs/memo [] []
[2020-02-08 14:34:59] notes.WARNING: 警告レベル　　の　メッセージ　　　 [] []
[2020-02-08 14:34:59] notes.ERROR: EROORです　 [] []
[2020-02-08 14:35:04] notes.DEBUG: デバッグ　メッセージ　 [] []
[2020-02-08 14:35:04] notes.DEBUG: /Applications/XAMPP/xamppfiles/htdocs/memo [] []
[2020-02-08 14:35:04] notes.WARNING: 警告レベル　　の　メッセージ　　　 [] []
[2020-02-08 14:35:04] notes.ERROR: EROORです　 [] []
[2020-02-08 14:35:17] notes.DEBUG: デバッグ　メッセージ　 [] []
[2020-02-08 14:35:17] notes.DEBUG: /Applications/XAMPP/xamppfiles/htdocs/memo [] []
[2020-02-08 14:35:17] notes.WARNING: 警告レベル　　の　メッセージ　　　 [] []
[2020-02-08 14:35:17] notes.ERROR: EROORです　 [] []
[2020-02-08 14:37:45] notes.DEBUG: デバッグ　メッセージ　 [] []
[2020-02-08 14:37:45] notes.DEBUG: /Applications/XAMPP/xamppfiles/htdocs/memo [] []
[2020-02-08 14:37:45] notes.WARNING: 警告レベル　　の　メッセージ　　　 [] []
[2020-02-08 14:37:45] notes.ERROR: EROORです　 [] []
[2020-02-08 14:38:19] notes.DEBUG: デバッグ　メッセージ　 [] []
[2020-02-08 14:38:19] notes.DEBUG: /Applications/XAMPP/xamppfiles/htdocs/memo [] []
[2020-02-08 14:38:19] notes.WARNING: 警告レベル　　の　メッセージ　　　 [] []
[2020-02-08 14:38:19] notes.ERROR: EROORです　 [] []
[2020-02-08 14:38:20] notes.DEBUG: デバッグ　メッセージ　 [] []
[2020-02-08 14:38:20] notes.DEBUG: /Applications/XAMPP/xamppfiles/htdocs/memo [] []
[2020-02-08 14:38:20] notes.WARNING: 警告レベル　　の　メッセージ　　　 [] []
[2020-02-08 14:38:20] notes.ERROR: EROORです　 [] []
[2020-02-08 14:38:42] notes.DEBUG: デバッグ　メッセージ　 [] []
[2020-02-08 14:38:42] notes.DEBUG: /Applications/XAMPP/xamppfiles/htdocs/memo [] []
[2020-02-08 14:38:42] notes.WARNING: 警告レベル　　の　メッセージ　　　 [] []
[2020-02-08 14:38:42] notes.ERROR: EROORです　 [] []
[2020-02-08 14:38:43] notes.DEBUG: デバッグ　メッセージ　 [] []
[2020-02-08 14:38:43] notes.DEBUG: /Applications/XAMPP/xamppfiles/htdocs/memo [] []
[2020-02-08 14:38:43] notes.WARNING: 警告レベル　　の　メッセージ　　　 [] []
[2020-02-08 14:38:43] notes.ERROR: EROORです　 [] []
[2020-02-08 14:39:18] notes.DEBUG: デバッグ　メッセージ　 [] []
[2020-02-08 14:39:18] notes.DEBUG: /Applications/XAMPP/xamppfiles/htdocs/memo [] []
[2020-02-08 14:39:18] notes.WARNING: 警告レベル　　の　メッセージ　　　 [] []
[2020-02-08 14:39:18] notes.ERROR: EROORです　 [] []
[2020-02-08 14:39:44] notes.DEBUG: デバッグ　メッセージ　 [] []
[2020-02-08 14:39:44] notes.DEBUG: /Applications/XAMPP/xamppfiles/htdocs/memo [] []
[2020-02-08 14:39:44] notes.WARNING: 警告レベル　　の　メッセージ　　　 [] []
[2020-02-08 14:39:44] notes.ERROR: EROORです　 [] []
[2020-02-08 14:40:23] notes.DEBUG: デバッグ　メッセージ　 [] []
[2020-02-08 14:40:23] notes.DEBUG: /Applications/XAMPP/xamppfiles/htdocs/memo [] []
[2020-02-08 14:40:23] notes.WARNING: 警告レベル　　の　メッセージ　　　 [] []
[2020-02-08 14:40:23] notes.ERROR: EROORです　 [] []
[2020-02-08 14:41:10] notes.DEBUG: デバッグ　メッセージ　 [] []
[2020-02-08 14:41:10] notes.DEBUG: /Applications/XAMPP/xamppfiles/htdocs/memo [] []
[2020-02-08 14:41:10] notes.WARNING: 警告レベル　　の　メッセージ　　　 [] []
[2020-02-08 14:41:10] notes.ERROR: EROORです　 [] []
[2020-02-08 14:41:18] notes.DEBUG: デバッグ　メッセージ　 [] []
[2020-02-08 14:41:18] notes.DEBUG: /Applications/XAMPP/xamppfiles/htdocs/memo [] []
[2020-02-08 14:41:18] notes.WARNING: 警告レベル　　の　メッセージ　　　 [] []
[2020-02-08 14:41:18] notes.ERROR: EROORです　 [] []
[2020-02-08 14:42:06] notes.DEBUG: デバッグ　メッセージ　 [] []
[2020-02-08 14:42:06] notes.DEBUG: /Applications/XAMPP/xamppfiles/htdocs/memo [] []
[2020-02-08 14:42:06] notes.WARNING: 警告レベル　　の　メッセージ　　　 [] []
[2020-02-08 14:42:06] notes.ERROR: EROORです　 [] []
[2020-02-08 14:42:14] notes.DEBUG: デバッグ　メッセージ　 [] []
[2020-02-08 14:42:14] notes.DEBUG: /Applications/XAMPP/xamppfiles/htdocs/memo [] []
[2020-02-08 14:42:14] notes.WARNING: 警告レベル　　の　メッセージ　　　 [] []
[2020-02-08 14:42:14] notes.ERROR: EROORです　 [] []
[2020-02-08 14:43:01] notes.DEBUG: デバッグ　メッセージ　 [] []
[2020-02-08 14:43:01] notes.DEBUG: /Applications/XAMPP/xamppfiles/htdocs/memo [] []
[2020-02-08 14:43:01] notes.WARNING: 警告レベル　　の　メッセージ　　　 [] []
[2020-02-08 14:43:01] notes.ERROR: EROORです　 [] []
[2020-02-08 14:43:08] notes.DEBUG: デバッグ　メッセージ　 [] []
[2020-02-08 14:43:08] notes.DEBUG: /Applications/XAMPP/xamppfiles/htdocs/memo [] []
[2020-02-08 14:43:08] notes.WARNING: 警告レベル　　の　メッセージ　　　 [] []
[2020-02-08 14:43:08] notes.ERROR: EROORです　 [] []
[2020-02-08 14:43:13] notes.DEBUG: デバッグ　メッセージ　 [] []
[2020-02-08 14:43:13] notes.DEBUG: /Applications/XAMPP/xamppfiles/htdocs/memo [] []
[2020-02-08 14:43:13] notes.WARNING: 警告レベル　　の　メッセージ　　　 [] []
[2020-02-08 14:43:13] notes.ERROR: EROORです　 [] []
[2020-02-08 14:43:16] notes.DEBUG: デバッグ　メッセージ　 [] []
[2020-02-08 14:43:16] notes.DEBUG: /Applications/XAMPP/xamppfiles/htdocs/memo [] []
[2020-02-08 14:43:16] notes.WARNING: 警告レベル　　の　メッセージ　　　 [] []
[2020-02-08 14:43:16] notes.ERROR: EROORです　 [] []
[2020-02-08 14:43:23] notes.DEBUG: デバッグ　メッセージ　 [] []
[2020-02-08 14:43:23] notes.DEBUG: /Applications/XAMPP/xamppfiles/htdocs/memo [] []
[2020-02-08 14:43:23] notes.WARNING: 警告レベル　　の　メッセージ　　　 [] []
[2020-02-08 14:43:23] notes.ERROR: EROORです　 [] []
[2020-02-08 14:43:25] notes.DEBUG: デバッグ　メッセージ　 [] []
[2020-02-08 14:43:25] notes.DEBUG: /Applications/XAMPP/xamppfiles/htdocs/memo [] []
[2020-02-08 14:43:25] notes.WARNING: 警告レベル　　の　メッセージ　　　 [] []
[2020-02-08 14:43:25] notes.ERROR: EROORです　 [] []
[2020-02-08 14:43:29] notes.DEBUG: デバッグ　メッセージ　 [] []
[2020-02-08 14:43:29] notes.DEBUG: /Applications/XAMPP/xamppfiles/htdocs/memo [] []
[2020-02-08 14:43:29] notes.WARNING: 警告レベル　　の　メッセージ　　　 [] []
[2020-02-08 14:43:29] notes.ERROR: EROORです　 [] []
[2020-02-08 14:43:32] notes.DEBUG: デバッグ　メッセージ　 [] []
[2020-02-08 14:43:32] notes.DEBUG: /Applications/XAMPP/xamppfiles/htdocs/memo [] []
[2020-02-08 14:43:32] notes.WARNING: 警告レベル　　の　メッセージ　　　 [] []
[2020-02-08 14:43:32] notes.ERROR: EROORです　 [] []
[2020-02-08 14:43:35] notes.DEBUG: デバッグ　メッセージ　 [] []
[2020-02-08 14:43:35] notes.DEBUG: /Applications/XAMPP/xamppfiles/htdocs/memo [] []
[2020-02-08 14:43:35] notes.WARNING: 警告レベル　　の　メッセージ　　　 [] []
[2020-02-08 14:43:35] notes.ERROR: EROORです　 [] []
[2020-02-08 14:43:38] notes.DEBUG: デバッグ　メッセージ　 [] []
[2020-02-08 14:43:38] notes.DEBUG: /Applications/XAMPP/xamppfiles/htdocs/memo [] []
[2020-02-08 14:43:38] notes.WARNING: 警告レベル　　の　メッセージ　　　 [] []
[2020-02-08 14:43:38] notes.ERROR: EROORです　 [] []
[2020-02-08 15:12:22] notes.DEBUG: デバッグ　メッセージ　 [] []
[2020-02-08 15:12:22] notes.DEBUG: /Applications/XAMPP/xamppfiles/htdocs/memo [] []
[2020-02-08 15:12:22] notes.WARNING: 警告レベル　　の　メッセージ　　　 [] []
[2020-02-08 15:12:22] notes.ERROR: EROORです　 [] []
[2020-02-08 15:12:37] notes.DEBUG: デバッグ　メッセージ　 [] []
[2020-02-08 15:12:37] notes.DEBUG: /Applications/XAMPP/xamppfiles/htdocs/memo [] []
[2020-02-08 15:12:37] notes.WARNING: 警告レベル　　の　メッセージ　　　 [] []
[2020-02-08 15:12:37] notes.ERROR: EROORです　 [] []
[2020-02-08 15:12:56] notes.DEBUG: デバッグ　メッセージ　 [] []
[2020-02-08 15:12:56] notes.DEBUG: /Applications/XAMPP/xamppfiles/htdocs/memo [] []
[2020-02-08 15:12:56] notes.WARNING: 警告レベル　　の　メッセージ　　　 [] []
[2020-02-08 15:12:56] notes.ERROR: EROORです　 [] []
[2020-02-08 15:25:56] notes.DEBUG: デバッグ　メッセージ　 [] []
[2020-02-08 15:25:56] notes.DEBUG: /Applications/XAMPP/xamppfiles/htdocs/memo [] []
[2020-02-08 15:25:56] notes.WARNING: 警告レベル　　の　メッセージ　　　 [] []
[2020-02-08 15:25:56] notes.ERROR: EROORです　 [] []
[2020-02-09 04:21:58] notes.DEBUG: デバッグ　メッセージ　 [] []
[2020-02-09 04:21:58] notes.DEBUG: /Applications/XAMPP/xamppfiles/htdocs/memo [] []
[2020-02-09 04:21:58] notes.WARNING: 警告レベル　　の　メッセージ　　　 [] []
[2020-02-09 04:21:58] notes.ERROR: EROORです　 [] []
[2020-02-09 04:22:02] notes.DEBUG: デバッグ　メッセージ　 [] []
[2020-02-09 04:22:02] notes.DEBUG: /Applications/XAMPP/xamppfiles/htdocs/memo [] []
[2020-02-09 04:22:02] notes.WARNING: 警告レベル　　の　メッセージ　　　 [] []
[2020-02-09 04:22:02] notes.ERROR: EROORです　 [] []
[2020-02-09 04:35:31] notes.DEBUG: デバッグ　メッセージ　 [] []
[2020-02-09 04:35:31] notes.DEBUG: /Applications/XAMPP/xamppfiles/htdocs/memo [] []
[2020-02-09 04:35:31] notes.WARNING: 警告レベル　　の　メッセージ　　　 [] []
[2020-02-09 04:35:31] notes.ERROR: EROORです　 [] []
[2020-02-09 05:17:34] notes.DEBUG: デバッグ　メッセージ　 [] []
[2020-02-09 05:17:34] notes.DEBUG: /Applications/XAMPP/xamppfiles/htdocs/memo [] []
[2020-02-09 05:17:34] notes.WARNING: 警告レベル　　の　メッセージ　　　 [] []
[2020-02-09 05:17:34] notes.ERROR: EROORです　 [] []
[2020-02-10 03:36:48] notes.DEBUG: デバッグ　メッセージ　 [] []
[2020-02-10 03:36:48] notes.DEBUG: /Applications/XAMPP/xamppfiles/htdocs/memo [] []
[2020-02-10 03:36:48] notes.WARNING: 警告レベル　　の　メッセージ　　　 [] []
[2020-02-10 03:36:48] notes.ERROR: EROORです　 [] []
[2020-02-10 03:40:35] notes.DEBUG: デバッグ　メッセージ　 [] []
[2020-02-10 03:40:35] notes.DEBUG: /Applications/XAMPP/xamppfiles/htdocs/memo [] []
[2020-02-10 03:40:35] notes.WARNING: 警告レベル　　の　メッセージ　　　 [] []
[2020-02-10 03:40:35] notes.ERROR: EROORです　 [] []
[2020-02-10 03:41:05] notes.DEBUG: デバッグ　メッセージ　 [] []
[2020-02-10 03:41:05] notes.DEBUG: /Applications/XAMPP/xamppfiles/htdocs/memo [] []
[2020-02-10 03:41:05] notes.WARNING: 警告レベル　　の　メッセージ　　　 [] []
[2020-02-10 03:41:05] notes.ERROR: EROORです　 [] []
[2020-02-10 03:42:34] notes.DEBUG: デバッグ　メッセージ　 [] []
[2020-02-10 03:42:34] notes.DEBUG: /Applications/XAMPP/xamppfiles/htdocs/memo [] []
[2020-02-10 03:42:34] notes.WARNING: 警告レベル　　の　メッセージ　　　 [] []
[2020-02-10 03:42:34] notes.ERROR: EROORです　 [] []
[2020-02-10 06:30:32] notes.DEBUG: デバッグ　メッセージ　 [] []
[2020-02-10 06:30:32] notes.DEBUG: /Applications/XAMPP/xamppfiles/htdocs/memo [] []
[2020-02-10 06:30:32] notes.WARNING: 警告レベル　　の　メッセージ　　　 [] []
[2020-02-10 06:30:32] notes.ERROR: EROORです　 [] []
[2020-02-10 06:34:22] notes.DEBUG: デバッグ　メッセージ　 [] []
[2020-02-10 06:34:22] notes.DEBUG: /Applications/XAMPP/xamppfiles/htdocs/memo [] []
[2020-02-10 06:34:22] notes.WARNING: 警告レベル　　の　メッセージ　　　 [] []
[2020-02-10 06:34:22] notes.ERROR: EROORです　 [] []
[2020-02-10 06:34:34] notes.DEBUG: デバッグ　メッセージ　 [] []
[2020-02-10 06:34:34] notes.DEBUG: /Applications/XAMPP/xamppfiles/htdocs/memo [] []
[2020-02-10 06:34:34] notes.WARNING: 警告レベル　　の　メッセージ　　　 [] []
[2020-02-10 06:34:34] notes.ERROR: EROORです　 [] []
[2020-02-10 06:35:07] notes.DEBUG: デバッグ　メッセージ　 [] []
[2020-02-10 06:35:07] notes.DEBUG: /Applications/XAMPP/xamppfiles/htdocs/memo [] []
[2020-02-10 06:35:07] notes.WARNING: 警告レベル　　の　メッセージ　　　 [] []
[2020-02-10 06:35:07] notes.ERROR: EROORです　 [] []
[2020-02-10 06:36:02] notes.DEBUG: デバッグ　メッセージ　 [] []
[2020-02-10 06:36:02] notes.DEBUG: /Applications/XAMPP/xamppfiles/htdocs/memo [] []
[2020-02-10 06:36:02] notes.WARNING: 警告レベル　　の　メッセージ　　　 [] []
[2020-02-10 06:36:02] notes.ERROR: EROORです　 [] []
[2020-02-10 06:36:08] notes.DEBUG: デバッグ　メッセージ　 [] []
[2020-02-10 06:36:08] notes.DEBUG: /Applications/XAMPP/xamppfiles/htdocs/memo [] []
[2020-02-10 06:36:08] notes.WARNING: 警告レベル　　の　メッセージ　　　 [] []
[2020-02-10 06:36:08] notes.ERROR: EROORです　 [] []
[2020-02-10 06:38:01] notes.DEBUG: デバッグ　メッセージ　 [] []
[2020-02-10 06:38:01] notes.DEBUG: /Applications/XAMPP/xamppfiles/htdocs/memo [] []
[2020-02-10 06:38:01] notes.WARNING: 警告レベル　　の　メッセージ　　　 [] []
[2020-02-10 06:38:01] notes.ERROR: EROORです　 [] []
[2020-02-10 06:38:29] notes.DEBUG: デバッグ　メッセージ　 [] []
[2020-02-10 06:38:29] notes.DEBUG: /Applications/XAMPP/xamppfiles/htdocs/memo [] []
[2020-02-10 06:38:29] notes.WARNING: 警告レベル　　の　メッセージ　　　 [] []
[2020-02-10 06:38:29] notes.ERROR: EROORです　 [] []
[2020-02-10 06:39:48] notes.DEBUG: デバッグ　メッセージ　 [] []
[2020-02-10 06:39:48] notes.DEBUG: /Applications/XAMPP/xamppfiles/htdocs/memo [] []
[2020-02-10 06:39:48] notes.WARNING: 警告レベル　　の　メッセージ　　　 [] []
[2020-02-10 06:39:48] notes.ERROR: EROORです　 [] []
[2020-02-10 06:39:51] notes.DEBUG: デバッグ　メッセージ　 [] []
[2020-02-10 06:39:51] notes.DEBUG: /Applications/XAMPP/xamppfiles/htdocs/memo [] []
[2020-02-10 06:39:51] notes.WARNING: 警告レベル　　の　メッセージ　　　 [] []
[2020-02-10 06:39:51] notes.ERROR: EROORです　 [] []
[2020-02-10 06:40:02] notes.DEBUG: デバッグ　メッセージ　 [] []
[2020-02-10 06:40:02] notes.DEBUG: /Applications/XAMPP/xamppfiles/htdocs/memo [] []
[2020-02-10 06:40:02] notes.WARNING: 警告レベル　　の　メッセージ　　　 [] []
[2020-02-10 06:40:02] notes.ERROR: EROORです　 [] []
[2020-02-10 06:42:54] notes.DEBUG: デバッグ　メッセージ　 [] []
[2020-02-10 06:42:54] notes.DEBUG: /Applications/XAMPP/xamppfiles/htdocs/memo [] []
[2020-02-10 06:42:54] notes.WARNING: 警告レベル　　の　メッセージ　　　 [] []
[2020-02-10 06:42:54] notes.ERROR: EROORです　 [] []
[2020-02-10 06:43:16] notes.DEBUG: デバッグ　メッセージ　 [] []
[2020-02-10 06:43:16] notes.DEBUG: /Applications/XAMPP/xamppfiles/htdocs/memo [] []
[2020-02-10 06:43:16] notes.WARNING: 警告レベル　　の　メッセージ　　　 [] []
[2020-02-10 06:43:16] notes.ERROR: EROORです　 [] []
[2020-02-10 06:44:28] notes.DEBUG: デバッグ　メッセージ　 [] []
[2020-02-10 06:44:28] notes.DEBUG: /Applications/XAMPP/xamppfiles/htdocs/memo [] []
[2020-02-10 06:44:28] notes.WARNING: 警告レベル　　の　メッセージ　　　 [] []
[2020-02-10 06:44:28] notes.ERROR: EROORです　 [] []
[2020-02-10 06:44:33] notes.DEBUG: デバッグ　メッセージ　 [] []
[2020-02-10 06:44:33] notes.DEBUG: /Applications/XAMPP/xamppfiles/htdocs/memo [] []
[2020-02-10 06:44:33] notes.WARNING: 警告レベル　　の　メッセージ　　　 [] []
[2020-02-10 06:44:33] notes.ERROR: EROORです　 [] []
[2020-02-10 06:44:43] notes.DEBUG: デバッグ　メッセージ　 [] []
[2020-02-10 06:44:43] notes.DEBUG: /Applications/XAMPP/xamppfiles/htdocs/memo [] []
[2020-02-10 06:44:43] notes.WARNING: 警告レベル　　の　メッセージ　　　 [] []
[2020-02-10 06:44:43] notes.ERROR: EROORです　 [] []
[2020-02-10 06:45:29] notes.DEBUG: デバッグ　メッセージ　 [] []
[2020-02-10 06:45:29] notes.DEBUG: /Applications/XAMPP/xamppfiles/htdocs/memo [] []
[2020-02-10 06:45:29] notes.WARNING: 警告レベル　　の　メッセージ　　　 [] []
[2020-02-10 06:45:29] notes.ERROR: EROORです　 [] []
[2020-02-10 06:47:08] notes.DEBUG: デバッグ　メッセージ　 [] []
[2020-02-10 06:47:08] notes.DEBUG: /Applications/XAMPP/xamppfiles/htdocs/memo [] []
[2020-02-10 06:47:08] notes.WARNING: 警告レベル　　の　メッセージ　　　 [] []
[2020-02-10 06:47:08] notes.ERROR: EROORです　 [] []
[2020-02-10 06:47:09] notes.DEBUG: デバッグ　メッセージ　 [] []
[2020-02-10 06:47:09] notes.DEBUG: /Applications/XAMPP/xamppfiles/htdocs/memo [] []
[2020-02-10 06:47:09] notes.WARNING: 警告レベル　　の　メッセージ　　　 [] []
[2020-02-10 06:47:09] notes.ERROR: EROORです　 [] []
[2020-02-10 06:47:14] notes.DEBUG: デバッグ　メッセージ　 [] []
[2020-02-10 06:47:14] notes.DEBUG: /Applications/XAMPP/xamppfiles/htdocs/memo [] []
[2020-02-10 06:47:14] notes.WARNING: 警告レベル　　の　メッセージ　　　 [] []
[2020-02-10 06:47:14] notes.ERROR: EROORです　 [] []
[2020-02-10 06:47:19] notes.DEBUG: デバッグ　メッセージ　 [] []
[2020-02-10 06:47:19] notes.DEBUG: /Applications/XAMPP/xamppfiles/htdocs/memo [] []
[2020-02-10 06:47:19] notes.WARNING: 警告レベル　　の　メッセージ　　　 [] []
[2020-02-10 06:47:19] notes.ERROR: EROORです　 [] []
[2020-02-10 06:47:24] notes.DEBUG: デバッグ　メッセージ　 [] []
[2020-02-10 06:47:24] notes.DEBUG: /Applications/XAMPP/xamppfiles/htdocs/memo [] []
[2020-02-10 06:47:24] notes.WARNING: 警告レベル　　の　メッセージ　　　 [] []
[2020-02-10 06:47:24] notes.ERROR: EROORです　 [] []
[2020-02-10 06:47:36] notes.DEBUG: デバッグ　メッセージ　 [] []
[2020-02-10 06:47:36] notes.DEBUG: /Applications/XAMPP/xamppfiles/htdocs/memo [] []
[2020-02-10 06:47:36] notes.WARNING: 警告レベル　　の　メッセージ　　　 [] []
[2020-02-10 06:47:36] notes.ERROR: EROORです　 [] []
[2020-02-10 06:48:14] notes.DEBUG: デバッグ　メッセージ　 [] []
[2020-02-10 06:48:14] notes.DEBUG: /Applications/XAMPP/xamppfiles/htdocs/memo [] []
[2020-02-10 06:48:14] notes.WARNING: 警告レベル　　の　メッセージ　　　 [] []
[2020-02-10 06:48:14] notes.ERROR: EROORです　 [] []
[2020-02-10 06:48:50] notes.DEBUG: デバッグ　メッセージ　 [] []
[2020-02-10 06:48:50] notes.DEBUG: /Applications/XAMPP/xamppfiles/htdocs/memo [] []
[2020-02-10 06:48:50] notes.WARNING: 警告レベル　　の　メッセージ　　　 [] []
[2020-02-10 06:48:50] notes.ERROR: EROORです　 [] []
[2020-02-10 06:50:24] notes.DEBUG: デバッグ　メッセージ　 [] []
[2020-02-10 06:50:24] notes.DEBUG: /Applications/XAMPP/xamppfiles/htdocs/memo [] []
[2020-02-10 06:50:24] notes.WARNING: 警告レベル　　の　メッセージ　　　 [] []
[2020-02-10 06:50:24] notes.ERROR: EROORです　 [] []
[2020-02-10 06:52:37] notes.DEBUG: デバッグ　メッセージ　 [] []
[2020-02-10 06:52:37] notes.DEBUG: /Applications/XAMPP/xamppfiles/htdocs/memo [] []
[2020-02-10 06:52:37] notes.WARNING: 警告レベル　　の　メッセージ　　　 [] []
[2020-02-10 06:52:37] notes.ERROR: EROORです　 [] []
[2020-02-10 06:52:49] notes.DEBUG: デバッグ　メッセージ　 [] []
[2020-02-10 06:52:49] notes.DEBUG: /Applications/XAMPP/xamppfiles/htdocs/memo [] []
[2020-02-10 06:52:49] notes.WARNING: 警告レベル　　の　メッセージ　　　 [] []
[2020-02-10 06:52:49] notes.ERROR: EROORです　 [] []
[2020-02-10 06:53:37] notes.DEBUG: デバッグ　メッセージ　 [] []
[2020-02-10 06:53:37] notes.DEBUG: /Applications/XAMPP/xamppfiles/htdocs/memo [] []
[2020-02-10 06:53:37] notes.WARNING: 警告レベル　　の　メッセージ　　　 [] []
[2020-02-10 06:53:37] notes.ERROR: EROORです　 [] []
[2020-02-10 06:53:41] notes.DEBUG: デバッグ　メッセージ　 [] []
[2020-02-10 06:53:41] notes.DEBUG: /Applications/XAMPP/xamppfiles/htdocs/memo [] []
[2020-02-10 06:53:41] notes.WARNING: 警告レベル　　の　メッセージ　　　 [] []
[2020-02-10 06:53:41] notes.ERROR: EROORです　 [] []
[2020-02-10 06:54:13] notes.DEBUG: デバッグ　メッセージ　 [] []
[2020-02-10 06:54:13] notes.DEBUG: /Applications/XAMPP/xamppfiles/htdocs/memo [] []
[2020-02-10 06:54:13] notes.WARNING: 警告レベル　　の　メッセージ　　　 [] []
[2020-02-10 06:54:13] notes.ERROR: EROORです　 [] []
[2020-02-10 06:54:17] notes.DEBUG: デバッグ　メッセージ　 [] []
[2020-02-10 06:54:17] notes.DEBUG: /Applications/XAMPP/xamppfiles/htdocs/memo [] []
[2020-02-10 06:54:17] notes.WARNING: 警告レベル　　の　メッセージ　　　 [] []
[2020-02-10 06:54:17] notes.ERROR: EROORです　 [] []
[2020-02-10 06:54:19] notes.DEBUG: デバッグ　メッセージ　 [] []
[2020-02-10 06:54:19] notes.DEBUG: /Applications/XAMPP/xamppfiles/htdocs/memo [] []
[2020-02-10 06:54:19] notes.WARNING: 警告レベル　　の　メッセージ　　　 [] []
[2020-02-10 06:54:19] notes.ERROR: EROORです　 [] []
[2020-02-10 06:54:30] notes.DEBUG: デバッグ　メッセージ　 [] []
[2020-02-10 06:54:30] notes.DEBUG: /Applications/XAMPP/xamppfiles/htdocs/memo [] []
[2020-02-10 06:54:30] notes.WARNING: 警告レベル　　の　メッセージ　　　 [] []
[2020-02-10 06:54:30] notes.ERROR: EROORです　 [] []
[2020-02-10 06:55:29] notes.DEBUG: デバッグ　メッセージ　 [] []
[2020-02-10 06:55:29] notes.DEBUG: /Applications/XAMPP/xamppfiles/htdocs/memo [] []
[2020-02-10 06:55:29] notes.WARNING: 警告レベル　　の　メッセージ　　　 [] []
[2020-02-10 06:55:29] notes.ERROR: EROORです　 [] []
[2020-02-10 06:55:33] notes.DEBUG: デバッグ　メッセージ　 [] []
[2020-02-10 06:55:33] notes.DEBUG: /Applications/XAMPP/xamppfiles/htdocs/memo [] []
[2020-02-10 06:55:33] notes.WARNING: 警告レベル　　の　メッセージ　　　 [] []
[2020-02-10 06:55:33] notes.ERROR: EROORです　 [] []
[2020-02-10 06:55:35] notes.DEBUG: デバッグ　メッセージ　 [] []
[2020-02-10 06:55:35] notes.DEBUG: /Applications/XAMPP/xamppfiles/htdocs/memo [] []
[2020-02-10 06:55:35] notes.WARNING: 警告レベル　　の　メッセージ　　　 [] []
[2020-02-10 06:55:35] notes.ERROR: EROORです　 [] []
[2020-02-10 06:55:55] notes.DEBUG: デバッグ　メッセージ　 [] []
[2020-02-10 06:55:55] notes.DEBUG: /Applications/XAMPP/xamppfiles/htdocs/memo [] []
[2020-02-10 06:55:55] notes.WARNING: 警告レベル　　の　メッセージ　　　 [] []
[2020-02-10 06:55:55] notes.ERROR: EROORです　 [] []
[2020-02-10 06:56:09] notes.DEBUG: デバッグ　メッセージ　 [] []
[2020-02-10 06:56:09] notes.DEBUG: /Applications/XAMPP/xamppfiles/htdocs/memo [] []
[2020-02-10 06:56:09] notes.WARNING: 警告レベル　　の　メッセージ　　　 [] []
[2020-02-10 06:56:09] notes.ERROR: EROORです　 [] []
[2020-02-10 06:56:35] notes.DEBUG: デバッグ　メッセージ　 [] []
[2020-02-10 06:56:35] notes.DEBUG: /Applications/XAMPP/xamppfiles/htdocs/memo [] []
[2020-02-10 06:56:35] notes.WARNING: 警告レベル　　の　メッセージ　　　 [] []
[2020-02-10 06:56:35] notes.ERROR: EROORです　 [] []
[2020-02-10 06:56:35] notes.DEBUG: デバッグ　メッセージ　 [] []
[2020-02-10 06:56:35] notes.DEBUG: /Applications/XAMPP/xamppfiles/htdocs/memo [] []
[2020-02-10 06:56:35] notes.WARNING: 警告レベル　　の　メッセージ　　　 [] []
[2020-02-10 06:56:35] notes.ERROR: EROORです　 [] []
[2020-02-10 06:56:37] notes.DEBUG: デバッグ　メッセージ　 [] []
[2020-02-10 06:56:37] notes.DEBUG: /Applications/XAMPP/xamppfiles/htdocs/memo [] []
[2020-02-10 06:56:37] notes.WARNING: 警告レベル　　の　メッセージ　　　 [] []
[2020-02-10 06:56:37] notes.ERROR: EROORです　 [] []
[2020-02-10 06:56:40] notes.DEBUG: デバッグ　メッセージ　 [] []
[2020-02-10 06:56:40] notes.DEBUG: /Applications/XAMPP/xamppfiles/htdocs/memo [] []
[2020-02-10 06:56:40] notes.WARNING: 警告レベル　　の　メッセージ　　　 [] []
[2020-02-10 06:56:40] notes.ERROR: EROORです　 [] []
[2020-02-10 06:56:46] notes.DEBUG: デバッグ　メッセージ　 [] []
[2020-02-10 06:56:46] notes.DEBUG: /Applications/XAMPP/xamppfiles/htdocs/memo [] []
[2020-02-10 06:56:46] notes.WARNING: 警告レベル　　の　メッセージ　　　 [] []
[2020-02-10 06:56:46] notes.ERROR: EROORです　 [] []
[2020-02-10 06:56:48] notes.DEBUG: デバッグ　メッセージ　 [] []
[2020-02-10 06:56:48] notes.DEBUG: /Applications/XAMPP/xamppfiles/htdocs/memo [] []
[2020-02-10 06:56:48] notes.WARNING: 警告レベル　　の　メッセージ　　　 [] []
[2020-02-10 06:56:48] notes.ERROR: EROORです　 [] []
[2020-02-10 06:56:48] notes.DEBUG: デバッグ　メッセージ　 [] []
[2020-02-10 06:56:48] notes.DEBUG: /Applications/XAMPP/xamppfiles/htdocs/memo [] []
[2020-02-10 06:56:48] notes.WARNING: 警告レベル　　の　メッセージ　　　 [] []
[2020-02-10 06:56:48] notes.ERROR: EROORです　 [] []
[2020-02-10 06:57:10] notes.DEBUG: デバッグ　メッセージ　 [] []
[2020-02-10 06:57:10] notes.DEBUG: /Applications/XAMPP/xamppfiles/htdocs/memo [] []
[2020-02-10 06:57:10] notes.WARNING: 警告レベル　　の　メッセージ　　　 [] []
[2020-02-10 06:57:10] notes.ERROR: EROORです　 [] []
[2020-02-10 06:57:17] notes.DEBUG: デバッグ　メッセージ　 [] []
[2020-02-10 06:57:17] notes.DEBUG: /Applications/XAMPP/xamppfiles/htdocs/memo [] []
[2020-02-10 06:57:17] notes.WARNING: 警告レベル　　の　メッセージ　　　 [] []
[2020-02-10 06:57:17] notes.ERROR: EROORです　 [] []
[2020-02-10 06:57:28] notes.DEBUG: デバッグ　メッセージ　 [] []
[2020-02-10 06:57:28] notes.DEBUG: /Applications/XAMPP/xamppfiles/htdocs/memo [] []
[2020-02-10 06:57:28] notes.WARNING: 警告レベル　　の　メッセージ　　　 [] []
[2020-02-10 06:57:28] notes.ERROR: EROORです　 [] []
[2020-02-10 06:57:43] notes.DEBUG: デバッグ　メッセージ　 [] []
[2020-02-10 06:57:43] notes.DEBUG: /Applications/XAMPP/xamppfiles/htdocs/memo [] []
[2020-02-10 06:57:43] notes.WARNING: 警告レベル　　の　メッセージ　　　 [] []
[2020-02-10 06:57:43] notes.ERROR: EROORです　 [] []
[2020-02-10 07:33:39] notes.DEBUG: デバッグ　メッセージ　 [] []
[2020-02-10 07:33:39] notes.DEBUG: /Applications/XAMPP/xamppfiles/htdocs/memo [] []
[2020-02-10 07:33:39] notes.WARNING: 警告レベル　　の　メッセージ　　　 [] []
[2020-02-10 07:33:39] notes.ERROR: EROORです　 [] []
[2020-02-10 07:33:46] notes.DEBUG: デバッグ　メッセージ　 [] []
[2020-02-10 07:33:46] notes.DEBUG: /Applications/XAMPP/xamppfiles/htdocs/memo [] []
[2020-02-10 07:33:46] notes.WARNING: 警告レベル　　の　メッセージ　　　 [] []
[2020-02-10 07:33:46] notes.ERROR: EROORです　 [] []
[2020-02-10 07:33:54] notes.DEBUG: デバッグ　メッセージ　 [] []
[2020-02-10 07:33:54] notes.DEBUG: /Applications/XAMPP/xamppfiles/htdocs/memo [] []
[2020-02-10 07:33:54] notes.WARNING: 警告レベル　　の　メッセージ　　　 [] []
[2020-02-10 07:33:54] notes.ERROR: EROORです　 [] []
[2020-02-10 07:36:14] notes.DEBUG: デバッグ　メッセージ　 [] []
[2020-02-10 07:36:14] notes.DEBUG: /Applications/XAMPP/xamppfiles/htdocs/memo [] []
[2020-02-10 07:36:14] notes.WARNING: 警告レベル　　の　メッセージ　　　 [] []
[2020-02-10 07:36:14] notes.ERROR: EROORです　 [] []
[2020-02-10 07:36:28] notes.DEBUG: デバッグ　メッセージ　 [] []
[2020-02-10 07:36:28] notes.DEBUG: /Applications/XAMPP/xamppfiles/htdocs/memo [] []
[2020-02-10 07:36:28] notes.WARNING: 警告レベル　　の　メッセージ　　　 [] []
[2020-02-10 07:36:28] notes.ERROR: EROORです　 [] []
[2020-02-10 09:23:02] notes.DEBUG: デバッグ　メッセージ　 [] []
[2020-02-10 09:23:02] notes.DEBUG: /Applications/XAMPP/xamppfiles/htdocs/memo [] []
[2020-02-10 09:23:02] notes.WARNING: 警告レベル　　の　メッセージ　　　 [] []
[2020-02-10 09:23:02] notes.ERROR: EROORです　 [] []
[2020-02-10 12:04:13] notes.DEBUG: デバッグ　メッセージ　 [] []
[2020-02-10 12:04:13] notes.DEBUG: /Applications/XAMPP/xamppfiles/htdocs/memo [] []
[2020-02-10 12:04:13] notes.WARNING: 警告レベル　　の　メッセージ　　　 [] []
[2020-02-10 12:04:13] notes.ERROR: EROORです　 [] []
[2020-02-10 12:04:17] notes.DEBUG: デバッグ　メッセージ　 [] []
[2020-02-10 12:04:17] notes.DEBUG: /Applications/XAMPP/xamppfiles/htdocs/memo [] []
[2020-02-10 12:04:17] notes.WARNING: 警告レベル　　の　メッセージ　　　 [] []
[2020-02-10 12:04:17] notes.ERROR: EROORです　 [] []
[2020-02-10 12:04:21] notes.DEBUG: デバッグ　メッセージ　 [] []
[2020-02-10 12:04:21] notes.DEBUG: /Applications/XAMPP/xamppfiles/htdocs/memo [] []
[2020-02-10 12:04:21] notes.WARNING: 警告レベル　　の　メッセージ　　　 [] []
[2020-02-10 12:04:21] notes.ERROR: EROORです　 [] []
[2020-02-10 12:05:16] notes.DEBUG: デバッグ　メッセージ　 [] []
[2020-02-10 12:05:16] notes.DEBUG: /Applications/XAMPP/xamppfiles/htdocs/memo [] []
[2020-02-10 12:05:16] notes.WARNING: 警告レベル　　の　メッセージ　　　 [] []
[2020-02-10 12:05:16] notes.ERROR: EROORです　 [] []
[2020-02-10 13:14:07] notes.DEBUG: デバッグ　メッセージ　 [] []
[2020-02-10 13:14:07] notes.DEBUG: /Applications/XAMPP/xamppfiles/htdocs/memo [] []
[2020-02-10 13:14:07] notes.WARNING: 警告レベル　　の　メッセージ　　　 [] []
[2020-02-10 13:14:07] notes.ERROR: EROORです　 [] []
[2020-02-10 13:14:10] notes.DEBUG: デバッグ　メッセージ　 [] []
[2020-02-10 13:14:10] notes.DEBUG: /Applications/XAMPP/xamppfiles/htdocs/memo [] []
[2020-02-10 13:14:10] notes.WARNING: 警告レベル　　の　メッセージ　　　 [] []
[2020-02-10 13:14:10] notes.ERROR: EROORです　 [] []
[2020-02-10 13:14:14] notes.DEBUG: デバッグ　メッセージ　 [] []
[2020-02-10 13:14:14] notes.DEBUG: /Applications/XAMPP/xamppfiles/htdocs/memo [] []
[2020-02-10 13:14:14] notes.WARNING: 警告レベル　　の　メッセージ　　　 [] []
[2020-02-10 13:14:14] notes.ERROR: EROORです　 [] []
[2020-02-10 13:16:49] notes.DEBUG: デバッグ　メッセージ　 [] []
[2020-02-10 13:16:49] notes.DEBUG: /Applications/XAMPP/xamppfiles/htdocs/memo [] []
[2020-02-10 13:16:49] notes.WARNING: 警告レベル　　の　メッセージ　　　 [] []
[2020-02-10 13:16:49] notes.ERROR: EROORです　 [] []
[2020-02-10 13:17:47] notes.DEBUG: デバッグ　メッセージ　 [] []
[2020-02-10 13:17:47] notes.DEBUG: /Applications/XAMPP/xamppfiles/htdocs/memo [] []
[2020-02-10 13:17:47] notes.WARNING: 警告レベル　　の　メッセージ　　　 [] []
[2020-02-10 13:17:47] notes.ERROR: EROORです　 [] []
[2020-02-10 13:23:46] notes.DEBUG: デバッグ　メッセージ　 [] []
[2020-02-10 13:23:46] notes.DEBUG: /Applications/XAMPP/xamppfiles/htdocs/memo [] []
[2020-02-10 13:23:46] notes.WARNING: 警告レベル　　の　メッセージ　　　 [] []
[2020-02-10 13:23:46] notes.ERROR: EROORです　 [] []
[2020-02-10 13:24:36] notes.DEBUG: デバッグ　メッセージ　 [] []
[2020-02-10 13:24:36] notes.DEBUG: /Applications/XAMPP/xamppfiles/htdocs/memo [] []
[2020-02-10 13:24:36] notes.WARNING: 警告レベル　　の　メッセージ　　　 [] []
[2020-02-10 13:24:36] notes.ERROR: EROORです　 [] []
[2020-02-10 13:25:12] notes.DEBUG: デバッグ　メッセージ　 [] []
[2020-02-10 13:25:12] notes.DEBUG: /Applications/XAMPP/xamppfiles/htdocs/memo [] []
[2020-02-10 13:25:12] notes.WARNING: 警告レベル　　の　メッセージ　　　 [] []
[2020-02-10 13:25:12] notes.ERROR: EROORです　 [] []
[2020-02-10 13:25:18] notes.DEBUG: デバッグ　メッセージ　 [] []
[2020-02-10 13:25:18] notes.DEBUG: /Applications/XAMPP/xamppfiles/htdocs/memo [] []
[2020-02-10 13:25:18] notes.WARNING: 警告レベル　　の　メッセージ　　　 [] []
[2020-02-10 13:25:18] notes.ERROR: EROORです　 [] []
[2020-02-10 13:26:00] notes.DEBUG: デバッグ　メッセージ　 [] []
[2020-02-10 13:26:00] notes.DEBUG: /Applications/XAMPP/xamppfiles/htdocs/memo [] []
[2020-02-10 13:26:00] notes.WARNING: 警告レベル　　の　メッセージ　　　 [] []
[2020-02-10 13:26:00] notes.ERROR: EROORです　 [] []
[2020-02-10 13:26:09] notes.DEBUG: デバッグ　メッセージ　 [] []
[2020-02-10 13:26:09] notes.DEBUG: /Applications/XAMPP/xamppfiles/htdocs/memo [] []
[2020-02-10 13:26:09] notes.WARNING: 警告レベル　　の　メッセージ　　　 [] []
[2020-02-10 13:26:09] notes.ERROR: EROORです　 [] []
[2020-02-10 13:34:05] notes.DEBUG: デバッグ　メッセージ　 [] []
[2020-02-10 13:34:05] notes.DEBUG: /Applications/XAMPP/xamppfiles/htdocs/memo [] []
[2020-02-10 13:34:05] notes.WARNING: 警告レベル　　の　メッセージ　　　 [] []
[2020-02-10 13:34:05] notes.ERROR: EROORです　 [] []
[2020-02-10 13:35:10] notes.DEBUG: デバッグ　メッセージ　 [] []
[2020-02-10 13:35:10] notes.DEBUG: /Applications/XAMPP/xamppfiles/htdocs/memo [] []
[2020-02-10 13:35:10] notes.WARNING: 警告レベル　　の　メッセージ　　　 [] []
[2020-02-10 13:35:10] notes.ERROR: EROORです　 [] []
[2020-02-10 13:39:25] notes.DEBUG: デバッグ　メッセージ　 [] []
[2020-02-10 13:39:25] notes.DEBUG: /Applications/XAMPP/xamppfiles/htdocs/memo [] []
[2020-02-10 13:39:25] notes.WARNING: 警告レベル　　の　メッセージ　　　 [] []
[2020-02-10 13:39:25] notes.ERROR: EROORです　 [] []
[2020-02-10 13:39:29] notes.DEBUG: デバッグ　メッセージ　 [] []
[2020-02-10 13:39:29] notes.DEBUG: /Applications/XAMPP/xamppfiles/htdocs/memo [] []
[2020-02-10 13:39:29] notes.WARNING: 警告レベル　　の　メッセージ　　　 [] []
[2020-02-10 13:39:29] notes.ERROR: EROORです　 [] []
[2020-02-10 13:39:29] notes.DEBUG: デバッグ　メッセージ　 [] []
[2020-02-10 13:39:29] notes.DEBUG: /Applications/XAMPP/xamppfiles/htdocs/memo [] []
[2020-02-10 13:39:29] notes.WARNING: 警告レベル　　の　メッセージ　　　 [] []
[2020-02-10 13:39:29] notes.ERROR: EROORです　 [] []
[2020-02-10 13:39:29] notes.DEBUG: デバッグ　メッセージ　 [] []
[2020-02-10 13:39:29] notes.DEBUG: /Applications/XAMPP/xamppfiles/htdocs/memo [] []
[2020-02-10 13:39:29] notes.WARNING: 警告レベル　　の　メッセージ　　　 [] []
[2020-02-10 13:39:29] notes.ERROR: EROORです　 [] []
[2020-02-10 13:39:35] notes.DEBUG: デバッグ　メッセージ　 [] []
[2020-02-10 13:39:35] notes.DEBUG: /Applications/XAMPP/xamppfiles/htdocs/memo [] []
[2020-02-10 13:39:35] notes.WARNING: 警告レベル　　の　メッセージ　　　 [] []
[2020-02-10 13:39:35] notes.ERROR: EROORです　 [] []
[2020-02-10 13:39:35] notes.DEBUG: デバッグ　メッセージ　 [] []
[2020-02-10 13:39:35] notes.DEBUG: /Applications/XAMPP/xamppfiles/htdocs/memo [] []
[2020-02-10 13:39:35] notes.WARNING: 警告レベル　　の　メッセージ　　　 [] []
[2020-02-10 13:39:35] notes.ERROR: EROORです　 [] []
[2020-02-10 13:39:35] notes.DEBUG: デバッグ　メッセージ　 [] []
[2020-02-10 13:39:35] notes.DEBUG: /Applications/XAMPP/xamppfiles/htdocs/memo [] []
[2020-02-10 13:39:35] notes.WARNING: 警告レベル　　の　メッセージ　　　 [] []
[2020-02-10 13:39:35] notes.ERROR: EROORです　 [] []
[2020-02-10 13:40:25] notes.DEBUG: デバッグ　メッセージ　 [] []
[2020-02-10 13:40:25] notes.DEBUG: /Applications/XAMPP/xamppfiles/htdocs/memo [] []
[2020-02-10 13:40:25] notes.WARNING: 警告レベル　　の　メッセージ　　　 [] []
[2020-02-10 13:40:25] notes.ERROR: EROORです　 [] []
[2020-02-10 13:40:25] notes.DEBUG: デバッグ　メッセージ　 [] []
[2020-02-10 13:40:25] notes.DEBUG: /Applications/XAMPP/xamppfiles/htdocs/memo [] []
[2020-02-10 13:40:25] notes.WARNING: 警告レベル　　の　メッセージ　　　 [] []
[2020-02-10 13:40:25] notes.ERROR: EROORです　 [] []
[2020-02-10 13:40:25] notes.DEBUG: デバッグ　メッセージ　 [] []
[2020-02-10 13:40:25] notes.DEBUG: /Applications/XAMPP/xamppfiles/htdocs/memo [] []
[2020-02-10 13:40:25] notes.WARNING: 警告レベル　　の　メッセージ　　　 [] []
[2020-02-10 13:40:25] notes.ERROR: EROORです　 [] []
[2020-02-10 13:41:44] notes.DEBUG: デバッグ　メッセージ　 [] []
[2020-02-10 13:41:44] notes.DEBUG: /Applications/XAMPP/xamppfiles/htdocs/memo [] []
[2020-02-10 13:41:44] notes.WARNING: 警告レベル　　の　メッセージ　　　 [] []
[2020-02-10 13:41:44] notes.ERROR: EROORです　 [] []
[2020-02-10 13:41:48] notes.DEBUG: デバッグ　メッセージ　 [] []
[2020-02-10 13:41:48] notes.DEBUG: /Applications/XAMPP/xamppfiles/htdocs/memo [] []
[2020-02-10 13:41:48] notes.WARNING: 警告レベル　　の　メッセージ　　　 [] []
[2020-02-10 13:41:48] notes.ERROR: EROORです　 [] []
[2020-02-10 13:41:48] notes.DEBUG: デバッグ　メッセージ　 [] []
[2020-02-10 13:41:48] notes.DEBUG: /Applications/XAMPP/xamppfiles/htdocs/memo [] []
[2020-02-10 13:41:48] notes.WARNING: 警告レベル　　の　メッセージ　　　 [] []
[2020-02-10 13:41:48] notes.ERROR: EROORです　 [] []
[2020-02-10 13:41:55] notes.DEBUG: デバッグ　メッセージ　 [] []
[2020-02-10 13:41:55] notes.DEBUG: /Applications/XAMPP/xamppfiles/htdocs/memo [] []
[2020-02-10 13:41:55] notes.WARNING: 警告レベル　　の　メッセージ　　　 [] []
[2020-02-10 13:41:55] notes.ERROR: EROORです　 [] []
[2020-02-10 13:41:58] notes.DEBUG: デバッグ　メッセージ　 [] []
[2020-02-10 13:41:58] notes.DEBUG: /Applications/XAMPP/xamppfiles/htdocs/memo [] []
[2020-02-10 13:41:58] notes.WARNING: 警告レベル　　の　メッセージ　　　 [] []
[2020-02-10 13:41:58] notes.ERROR: EROORです　 [] []
[2020-02-10 13:41:58] notes.DEBUG: デバッグ　メッセージ　 [] []
[2020-02-10 13:41:58] notes.DEBUG: /Applications/XAMPP/xamppfiles/htdocs/memo [] []
[2020-02-10 13:41:58] notes.WARNING: 警告レベル　　の　メッセージ　　　 [] []
[2020-02-10 13:41:58] notes.ERROR: EROORです　 [] []
[2020-02-10 13:43:10] notes.DEBUG: デバッグ　メッセージ　 [] []
[2020-02-10 13:43:10] notes.DEBUG: /Applications/XAMPP/xamppfiles/htdocs/memo [] []
[2020-02-10 13:43:10] notes.WARNING: 警告レベル　　の　メッセージ　　　 [] []
[2020-02-10 13:43:10] notes.ERROR: EROORです　 [] []
[2020-02-10 13:43:21] notes.DEBUG: デバッグ　メッセージ　 [] []
[2020-02-10 13:43:21] notes.DEBUG: /Applications/XAMPP/xamppfiles/htdocs/memo [] []
[2020-02-10 13:43:21] notes.WARNING: 警告レベル　　の　メッセージ　　　 [] []
[2020-02-10 13:43:21] notes.ERROR: EROORです　 [] []
[2020-02-10 13:43:21] notes.DEBUG: デバッグ　メッセージ　 [] []
[2020-02-10 13:43:21] notes.DEBUG: /Applications/XAMPP/xamppfiles/htdocs/memo [] []
[2020-02-10 13:43:21] notes.WARNING: 警告レベル　　の　メッセージ　　　 [] []
[2020-02-10 13:43:21] notes.ERROR: EROORです　 [] []
[2020-02-10 13:44:27] notes.DEBUG: デバッグ　メッセージ　 [] []
[2020-02-10 13:44:27] notes.DEBUG: /Applications/XAMPP/xamppfiles/htdocs/memo [] []
[2020-02-10 13:44:27] notes.WARNING: 警告レベル　　の　メッセージ　　　 [] []
[2020-02-10 13:44:27] notes.ERROR: EROORです　 [] []
[2020-02-10 13:44:30] notes.DEBUG: デバッグ　メッセージ　 [] []
[2020-02-10 13:44:30] notes.DEBUG: /Applications/XAMPP/xamppfiles/htdocs/memo [] []
[2020-02-10 13:44:30] notes.WARNING: 警告レベル　　の　メッセージ　　　 [] []
[2020-02-10 13:44:30] notes.ERROR: EROORです　 [] []
[2020-02-10 13:44:30] notes.DEBUG: デバッグ　メッセージ　 [] []
[2020-02-10 13:44:30] notes.DEBUG: /Applications/XAMPP/xamppfiles/htdocs/memo [] []
[2020-02-10 13:44:30] notes.WARNING: 警告レベル　　の　メッセージ　　　 [] []
[2020-02-10 13:44:30] notes.ERROR: EROORです　 [] []
[2020-02-10 13:44:46] notes.DEBUG: デバッグ　メッセージ　 [] []
[2020-02-10 13:44:46] notes.DEBUG: /Applications/XAMPP/xamppfiles/htdocs/memo [] []
[2020-02-10 13:44:46] notes.WARNING: 警告レベル　　の　メッセージ　　　 [] []
[2020-02-10 13:44:46] notes.ERROR: EROORです　 [] []
[2020-02-10 14:06:55] notes.DEBUG: デバッグ　メッセージ　 [] []
[2020-02-10 14:06:55] notes.DEBUG: /Applications/XAMPP/xamppfiles/htdocs/memo [] []
[2020-02-10 14:06:55] notes.WARNING: 警告レベル　　の　メッセージ　　　 [] []
[2020-02-10 14:06:55] notes.ERROR: EROORです　 [] []
[2020-02-10 14:06:55] notes.DEBUG: デバッグ　メッセージ　 [] []
[2020-02-10 14:06:55] notes.DEBUG: /Applications/XAMPP/xamppfiles/htdocs/memo [] []
[2020-02-10 14:06:55] notes.WARNING: 警告レベル　　の　メッセージ　　　 [] []
[2020-02-10 14:06:55] notes.ERROR: EROORです　 [] []
[2020-02-10 14:08:17] notes.DEBUG: デバッグ　メッセージ　 [] []
[2020-02-10 14:08:17] notes.DEBUG: /Applications/XAMPP/xamppfiles/htdocs/memo [] []
[2020-02-10 14:08:17] notes.WARNING: 警告レベル　　の　メッセージ　　　 [] []
[2020-02-10 14:08:17] notes.ERROR: EROORです　 [] []
[2020-02-10 14:08:21] notes.DEBUG: デバッグ　メッセージ　 [] []
[2020-02-10 14:08:21] notes.DEBUG: /Applications/XAMPP/xamppfiles/htdocs/memo [] []
[2020-02-10 14:08:21] notes.WARNING: 警告レベル　　の　メッセージ　　　 [] []
[2020-02-10 14:08:21] notes.ERROR: EROORです　 [] []
[2020-02-10 14:08:58] notes.DEBUG: デバッグ　メッセージ　 [] []
[2020-02-10 14:08:58] notes.DEBUG: /Applications/XAMPP/xamppfiles/htdocs/memo [] []
[2020-02-10 14:08:58] notes.WARNING: 警告レベル　　の　メッセージ　　　 [] []
[2020-02-10 14:08:58] notes.ERROR: EROORです　 [] []
[2020-02-10 14:08:58] notes.DEBUG: デバッグ　メッセージ　 [] []
[2020-02-10 14:08:58] notes.DEBUG: /Applications/XAMPP/xamppfiles/htdocs/memo [] []
[2020-02-10 14:08:58] notes.WARNING: 警告レベル　　の　メッセージ　　　 [] []
[2020-02-10 14:08:58] notes.ERROR: EROORです　 [] []
[2020-02-10 14:09:08] notes.DEBUG: デバッグ　メッセージ　 [] []
[2020-02-10 14:09:08] notes.DEBUG: /Applications/XAMPP/xamppfiles/htdocs/memo [] []
[2020-02-10 14:09:08] notes.WARNING: 警告レベル　　の　メッセージ　　　 [] []
[2020-02-10 14:09:08] notes.ERROR: EROORです　 [] []
[2020-02-10 14:09:23] notes.DEBUG: デバッグ　メッセージ　 [] []
[2020-02-10 14:09:23] notes.DEBUG: /Applications/XAMPP/xamppfiles/htdocs/memo [] []
[2020-02-10 14:09:23] notes.WARNING: 警告レベル　　の　メッセージ　　　 [] []
[2020-02-10 14:09:23] notes.ERROR: EROORです　 [] []
[2020-02-10 14:09:25] notes.DEBUG: デバッグ　メッセージ　 [] []
[2020-02-10 14:09:25] notes.DEBUG: /Applications/XAMPP/xamppfiles/htdocs/memo [] []
[2020-02-10 14:09:25] notes.WARNING: 警告レベル　　の　メッセージ　　　 [] []
[2020-02-10 14:09:25] notes.ERROR: EROORです　 [] []
[2020-02-10 14:09:29] notes.DEBUG: デバッグ　メッセージ　 [] []
[2020-02-10 14:09:29] notes.DEBUG: /Applications/XAMPP/xamppfiles/htdocs/memo [] []
[2020-02-10 14:09:29] notes.WARNING: 警告レベル　　の　メッセージ　　　 [] []
[2020-02-10 14:09:29] notes.ERROR: EROORです　 [] []
[2020-02-10 14:09:29] notes.DEBUG: デバッグ　メッセージ　 [] []
[2020-02-10 14:09:29] notes.DEBUG: /Applications/XAMPP/xamppfiles/htdocs/memo [] []
[2020-02-10 14:09:29] notes.WARNING: 警告レベル　　の　メッセージ　　　 [] []
[2020-02-10 14:09:29] notes.ERROR: EROORです　 [] []
[2020-02-10 14:09:33] notes.DEBUG: デバッグ　メッセージ　 [] []
[2020-02-10 14:09:33] notes.DEBUG: /Applications/XAMPP/xamppfiles/htdocs/memo [] []
[2020-02-10 14:09:33] notes.WARNING: 警告レベル　　の　メッセージ　　　 [] []
[2020-02-10 14:09:33] notes.ERROR: EROORです　 [] []
[2020-02-10 14:09:36] notes.DEBUG: デバッグ　メッセージ　 [] []
[2020-02-10 14:09:36] notes.DEBUG: /Applications/XAMPP/xamppfiles/htdocs/memo [] []
[2020-02-10 14:09:36] notes.WARNING: 警告レベル　　の　メッセージ　　　 [] []
[2020-02-10 14:09:36] notes.ERROR: EROORです　 [] []
[2020-02-10 14:09:36] notes.DEBUG: デバッグ　メッセージ　 [] []
[2020-02-10 14:09:36] notes.DEBUG: /Applications/XAMPP/xamppfiles/htdocs/memo [] []
[2020-02-10 14:09:36] notes.WARNING: 警告レベル　　の　メッセージ　　　 [] []
[2020-02-10 14:09:36] notes.ERROR: EROORです　 [] []
[2020-02-10 14:09:49] notes.DEBUG: デバッグ　メッセージ　 [] []
[2020-02-10 14:09:49] notes.DEBUG: /Applications/XAMPP/xamppfiles/htdocs/memo [] []
[2020-02-10 14:09:49] notes.WARNING: 警告レベル　　の　メッセージ　　　 [] []
[2020-02-10 14:09:49] notes.ERROR: EROORです　 [] []
[2020-02-10 14:11:31] notes.DEBUG: デバッグ　メッセージ　 [] []
[2020-02-10 14:11:31] notes.DEBUG: /Applications/XAMPP/xamppfiles/htdocs/memo [] []
[2020-02-10 14:11:31] notes.WARNING: 警告レベル　　の　メッセージ　　　 [] []
[2020-02-10 14:11:31] notes.ERROR: EROORです　 [] []
[2020-02-10 14:11:35] notes.DEBUG: デバッグ　メッセージ　 [] []
[2020-02-10 14:11:35] notes.DEBUG: /Applications/XAMPP/xamppfiles/htdocs/memo [] []
[2020-02-10 14:11:35] notes.WARNING: 警告レベル　　の　メッセージ　　　 [] []
[2020-02-10 14:11:35] notes.ERROR: EROORです　 [] []
[2020-02-10 14:12:03] notes.DEBUG: デバッグ　メッセージ　 [] []
[2020-02-10 14:12:03] notes.DEBUG: /Applications/XAMPP/xamppfiles/htdocs/memo [] []
[2020-02-10 14:12:03] notes.WARNING: 警告レベル　　の　メッセージ　　　 [] []
[2020-02-10 14:12:03] notes.ERROR: EROORです　 [] []
[2020-02-10 14:12:03] notes.DEBUG: デバッグ　メッセージ　 [] []
[2020-02-10 14:12:03] notes.DEBUG: /Applications/XAMPP/xamppfiles/htdocs/memo [] []
[2020-02-10 14:12:03] notes.WARNING: 警告レベル　　の　メッセージ　　　 [] []
[2020-02-10 14:12:03] notes.ERROR: EROORです　 [] []
[2020-02-10 14:12:28] notes.DEBUG: デバッグ　メッセージ　 [] []
[2020-02-10 14:12:28] notes.DEBUG: /Applications/XAMPP/xamppfiles/htdocs/memo [] []
[2020-02-10 14:12:28] notes.WARNING: 警告レベル　　の　メッセージ　　　 [] []
[2020-02-10 14:12:28] notes.ERROR: EROORです　 [] []
[2020-02-10 14:12:31] notes.DEBUG: デバッグ　メッセージ　 [] []
[2020-02-10 14:12:31] notes.DEBUG: /Applications/XAMPP/xamppfiles/htdocs/memo [] []
[2020-02-10 14:12:31] notes.WARNING: 警告レベル　　の　メッセージ　　　 [] []
[2020-02-10 14:12:31] notes.ERROR: EROORです　 [] []
[2020-02-10 14:12:31] notes.DEBUG: デバッグ　メッセージ　 [] []
[2020-02-10 14:12:31] notes.DEBUG: /Applications/XAMPP/xamppfiles/htdocs/memo [] []
[2020-02-10 14:12:31] notes.WARNING: 警告レベル　　の　メッセージ　　　 [] []
[2020-02-10 14:12:31] notes.ERROR: EROORです　 [] []
[2020-02-10 14:13:21] notes.DEBUG: デバッグ　メッセージ　 [] []
[2020-02-10 14:13:21] notes.DEBUG: /Applications/XAMPP/xamppfiles/htdocs/memo [] []
[2020-02-10 14:13:21] notes.WARNING: 警告レベル　　の　メッセージ　　　 [] []
[2020-02-10 14:13:21] notes.ERROR: EROORです　 [] []
[2020-02-10 14:13:24] notes.DEBUG: デバッグ　メッセージ　 [] []
[2020-02-10 14:13:24] notes.DEBUG: /Applications/XAMPP/xamppfiles/htdocs/memo [] []
[2020-02-10 14:13:24] notes.WARNING: 警告レベル　　の　メッセージ　　　 [] []
[2020-02-10 14:13:24] notes.ERROR: EROORです　 [] []
[2020-02-10 14:13:51] notes.DEBUG: デバッグ　メッセージ　 [] []
[2020-02-10 14:13:51] notes.DEBUG: /Applications/XAMPP/xamppfiles/htdocs/memo [] []
[2020-02-10 14:13:51] notes.WARNING: 警告レベル　　の　メッセージ　　　 [] []
[2020-02-10 14:13:51] notes.ERROR: EROORです　 [] []
[2020-02-10 14:13:52] notes.DEBUG: デバッグ　メッセージ　 [] []
[2020-02-10 14:13:52] notes.DEBUG: /Applications/XAMPP/xamppfiles/htdocs/memo [] []
[2020-02-10 14:13:52] notes.WARNING: 警告レベル　　の　メッセージ　　　 [] []
[2020-02-10 14:13:52] notes.ERROR: EROORです　 [] []
[2020-02-10 14:16:45] notes.DEBUG: デバッグ　メッセージ　 [] []
[2020-02-10 14:16:45] notes.DEBUG: /Applications/XAMPP/xamppfiles/htdocs/memo [] []
[2020-02-10 14:16:45] notes.WARNING: 警告レベル　　の　メッセージ　　　 [] []
[2020-02-10 14:16:45] notes.ERROR: EROORです　 [] []
[2020-02-10 14:17:09] notes.DEBUG: デバッグ　メッセージ　 [] []
[2020-02-10 14:17:09] notes.DEBUG: /Applications/XAMPP/xamppfiles/htdocs/memo [] []
[2020-02-10 14:17:09] notes.WARNING: 警告レベル　　の　メッセージ　　　 [] []
[2020-02-10 14:17:09] notes.ERROR: EROORです　 [] []
[2020-02-10 14:17:13] notes.DEBUG: デバッグ　メッセージ　 [] []
[2020-02-10 14:17:13] notes.DEBUG: /Applications/XAMPP/xamppfiles/htdocs/memo [] []
[2020-02-10 14:17:13] notes.WARNING: 警告レベル　　の　メッセージ　　　 [] []
[2020-02-10 14:17:13] notes.ERROR: EROORです　 [] []
[2020-02-10 14:17:22] notes.DEBUG: デバッグ　メッセージ　 [] []
[2020-02-10 14:17:22] notes.DEBUG: /Applications/XAMPP/xamppfiles/htdocs/memo [] []
[2020-02-10 14:17:22] notes.WARNING: 警告レベル　　の　メッセージ　　　 [] []
[2020-02-10 14:17:22] notes.ERROR: EROORです　 [] []
[2020-02-10 14:18:30] notes.DEBUG: デバッグ　メッセージ　 [] []
[2020-02-10 14:18:30] notes.DEBUG: /Applications/XAMPP/xamppfiles/htdocs/memo [] []
[2020-02-10 14:18:30] notes.WARNING: 警告レベル　　の　メッセージ　　　 [] []
[2020-02-10 14:18:30] notes.ERROR: EROORです　 [] []
[2020-02-10 14:18:36] notes.DEBUG: デバッグ　メッセージ　 [] []
[2020-02-10 14:18:36] notes.DEBUG: /Applications/XAMPP/xamppfiles/htdocs/memo [] []
[2020-02-10 14:18:36] notes.WARNING: 警告レベル　　の　メッセージ　　　 [] []
[2020-02-10 14:18:36] notes.ERROR: EROORです　 [] []
[2020-02-10 14:19:20] notes.DEBUG: デバッグ　メッセージ　 [] []
[2020-02-10 14:19:20] notes.DEBUG: /Applications/XAMPP/xamppfiles/htdocs/memo [] []
[2020-02-10 14:19:20] notes.WARNING: 警告レベル　　の　メッセージ　　　 [] []
[2020-02-10 14:19:20] notes.ERROR: EROORです　 [] []
[2020-02-10 14:19:20] notes.DEBUG: デバッグ　メッセージ　 [] []
[2020-02-10 14:19:20] notes.DEBUG: /Applications/XAMPP/xamppfiles/htdocs/memo [] []
[2020-02-10 14:19:20] notes.WARNING: 警告レベル　　の　メッセージ　　　 [] []
[2020-02-10 14:19:20] notes.ERROR: EROORです　 [] []
[2020-02-10 14:19:21] notes.DEBUG: デバッグ　メッセージ　 [] []
[2020-02-10 14:19:21] notes.DEBUG: /Applications/XAMPP/xamppfiles/htdocs/memo [] []
[2020-02-10 14:19:21] notes.WARNING: 警告レベル　　の　メッセージ　　　 [] []
[2020-02-10 14:19:21] notes.ERROR: EROORです　 [] []
[2020-02-10 14:19:21] notes.DEBUG: デバッグ　メッセージ　 [] []
[2020-02-10 14:19:21] notes.DEBUG: /Applications/XAMPP/xamppfiles/htdocs/memo [] []
[2020-02-10 14:19:21] notes.WARNING: 警告レベル　　の　メッセージ　　　 [] []
[2020-02-10 14:19:21] notes.ERROR: EROORです　 [] []
[2020-02-10 14:19:22] notes.DEBUG: デバッグ　メッセージ　 [] []
[2020-02-10 14:19:22] notes.DEBUG: /Applications/XAMPP/xamppfiles/htdocs/memo [] []
[2020-02-10 14:19:22] notes.WARNING: 警告レベル　　の　メッセージ　　　 [] []
[2020-02-10 14:19:22] notes.ERROR: EROORです　 [] []
[2020-02-10 14:19:23] notes.DEBUG: デバッグ　メッセージ　 [] []
[2020-02-10 14:19:23] notes.DEBUG: /Applications/XAMPP/xamppfiles/htdocs/memo [] []
[2020-02-10 14:19:23] notes.WARNING: 警告レベル　　の　メッセージ　　　 [] []
[2020-02-10 14:19:23] notes.ERROR: EROORです　 [] []
[2020-02-10 14:19:24] notes.DEBUG: デバッグ　メッセージ　 [] []
[2020-02-10 14:19:24] notes.DEBUG: /Applications/XAMPP/xamppfiles/htdocs/memo [] []
[2020-02-10 14:19:24] notes.WARNING: 警告レベル　　の　メッセージ　　　 [] []
[2020-02-10 14:19:24] notes.ERROR: EROORです　 [] []
[2020-02-10 14:19:25] notes.DEBUG: デバッグ　メッセージ　 [] []
[2020-02-10 14:19:25] notes.DEBUG: /Applications/XAMPP/xamppfiles/htdocs/memo [] []
[2020-02-10 14:19:25] notes.WARNING: 警告レベル　　の　メッセージ　　　 [] []
[2020-02-10 14:19:25] notes.ERROR: EROORです　 [] []
[2020-02-10 14:19:30] notes.DEBUG: デバッグ　メッセージ　 [] []
[2020-02-10 14:19:30] notes.DEBUG: /Applications/XAMPP/xamppfiles/htdocs/memo [] []
[2020-02-10 14:19:30] notes.WARNING: 警告レベル　　の　メッセージ　　　 [] []
[2020-02-10 14:19:30] notes.ERROR: EROORです　 [] []
[2020-02-10 14:19:35] notes.DEBUG: デバッグ　メッセージ　 [] []
[2020-02-10 14:19:35] notes.DEBUG: /Applications/XAMPP/xamppfiles/htdocs/memo [] []
[2020-02-10 14:19:35] notes.WARNING: 警告レベル　　の　メッセージ　　　 [] []
[2020-02-10 14:19:35] notes.ERROR: EROORです　 [] []
[2020-02-10 14:19:39] notes.DEBUG: デバッグ　メッセージ　 [] []
[2020-02-10 14:19:39] notes.DEBUG: /Applications/XAMPP/xamppfiles/htdocs/memo [] []
[2020-02-10 14:19:39] notes.WARNING: 警告レベル　　の　メッセージ　　　 [] []
[2020-02-10 14:19:39] notes.ERROR: EROORです　 [] []
[2020-02-10 14:19:44] notes.DEBUG: デバッグ　メッセージ　 [] []
[2020-02-10 14:19:44] notes.DEBUG: /Applications/XAMPP/xamppfiles/htdocs/memo [] []
[2020-02-10 14:19:44] notes.WARNING: 警告レベル　　の　メッセージ　　　 [] []
[2020-02-10 14:19:44] notes.ERROR: EROORです　 [] []
[2020-02-10 14:20:26] notes.DEBUG: デバッグ　メッセージ　 [] []
[2020-02-10 14:20:26] notes.DEBUG: /Applications/XAMPP/xamppfiles/htdocs/memo [] []
[2020-02-10 14:20:26] notes.WARNING: 警告レベル　　の　メッセージ　　　 [] []
[2020-02-10 14:20:26] notes.ERROR: EROORです　 [] []
[2020-02-10 14:20:35] notes.DEBUG: デバッグ　メッセージ　 [] []
[2020-02-10 14:20:35] notes.DEBUG: /Applications/XAMPP/xamppfiles/htdocs/memo [] []
[2020-02-10 14:20:35] notes.WARNING: 警告レベル　　の　メッセージ　　　 [] []
[2020-02-10 14:20:35] notes.ERROR: EROORです　 [] []
[2020-02-10 14:20:37] notes.DEBUG: デバッグ　メッセージ　 [] []
[2020-02-10 14:20:37] notes.DEBUG: /Applications/XAMPP/xamppfiles/htdocs/memo [] []
[2020-02-10 14:20:37] notes.WARNING: 警告レベル　　の　メッセージ　　　 [] []
[2020-02-10 14:20:37] notes.ERROR: EROORです　 [] []
[2020-02-10 14:20:41] notes.DEBUG: デバッグ　メッセージ　 [] []
[2020-02-10 14:20:41] notes.DEBUG: /Applications/XAMPP/xamppfiles/htdocs/memo [] []
[2020-02-10 14:20:41] notes.WARNING: 警告レベル　　の　メッセージ　　　 [] []
[2020-02-10 14:20:41] notes.ERROR: EROORです　 [] []
[2020-02-10 14:20:49] notes.DEBUG: デバッグ　メッセージ　 [] []
[2020-02-10 14:20:49] notes.DEBUG: /Applications/XAMPP/xamppfiles/htdocs/memo [] []
[2020-02-10 14:20:49] notes.WARNING: 警告レベル　　の　メッセージ　　　 [] []
[2020-02-10 14:20:49] notes.ERROR: EROORです　 [] []
[2020-02-10 14:20:53] notes.DEBUG: デバッグ　メッセージ　 [] []
[2020-02-10 14:20:53] notes.DEBUG: /Applications/XAMPP/xamppfiles/htdocs/memo [] []
[2020-02-10 14:20:53] notes.WARNING: 警告レベル　　の　メッセージ　　　 [] []
[2020-02-10 14:20:53] notes.ERROR: EROORです　 [] []
[2020-02-10 14:21:02] notes.DEBUG: デバッグ　メッセージ　 [] []
[2020-02-10 14:21:02] notes.DEBUG: /Applications/XAMPP/xamppfiles/htdocs/memo [] []
[2020-02-10 14:21:02] notes.WARNING: 警告レベル　　の　メッセージ　　　 [] []
[2020-02-10 14:21:02] notes.ERROR: EROORです　 [] []
[2020-02-10 14:23:01] notes.DEBUG: デバッグ　メッセージ　 [] []
[2020-02-10 14:23:01] notes.DEBUG: /Applications/XAMPP/xamppfiles/htdocs/memo [] []
[2020-02-10 14:23:01] notes.WARNING: 警告レベル　　の　メッセージ　　　 [] []
[2020-02-10 14:23:01] notes.ERROR: EROORです　 [] []
[2020-02-10 14:23:07] notes.DEBUG: デバッグ　メッセージ　 [] []
[2020-02-10 14:23:07] notes.DEBUG: /Applications/XAMPP/xamppfiles/htdocs/memo [] []
[2020-02-10 14:23:07] notes.WARNING: 警告レベル　　の　メッセージ　　　 [] []
[2020-02-10 14:23:07] notes.ERROR: EROORです　 [] []
[2020-02-10 14:23:12] notes.DEBUG: デバッグ　メッセージ　 [] []
[2020-02-10 14:23:12] notes.DEBUG: /Applications/XAMPP/xamppfiles/htdocs/memo [] []
[2020-02-10 14:23:12] notes.WARNING: 警告レベル　　の　メッセージ　　　 [] []
[2020-02-10 14:23:12] notes.ERROR: EROORです　 [] []
[2020-02-10 14:24:05] notes.DEBUG: デバッグ　メッセージ　 [] []
[2020-02-10 14:24:05] notes.DEBUG: /Applications/XAMPP/xamppfiles/htdocs/memo [] []
[2020-02-10 14:24:05] notes.WARNING: 警告レベル　　の　メッセージ　　　 [] []
[2020-02-10 14:24:05] notes.ERROR: EROORです　 [] []
[2020-02-10 14:24:10] notes.DEBUG: デバッグ　メッセージ　 [] []
[2020-02-10 14:24:10] notes.DEBUG: /Applications/XAMPP/xamppfiles/htdocs/memo [] []
[2020-02-10 14:24:10] notes.WARNING: 警告レベル　　の　メッセージ　　　 [] []
[2020-02-10 14:24:10] notes.ERROR: EROORです　 [] []
[2020-02-10 14:24:54] notes.DEBUG: デバッグ　メッセージ　 [] []
[2020-02-10 14:24:54] notes.DEBUG: /Applications/XAMPP/xamppfiles/htdocs/memo [] []
[2020-02-10 14:24:54] notes.WARNING: 警告レベル　　の　メッセージ　　　 [] []
[2020-02-10 14:24:54] notes.ERROR: EROORです　 [] []
[2020-02-10 14:25:01] notes.DEBUG: デバッグ　メッセージ　 [] []
[2020-02-10 14:25:01] notes.DEBUG: /Applications/XAMPP/xamppfiles/htdocs/memo [] []
[2020-02-10 14:25:01] notes.WARNING: 警告レベル　　の　メッセージ　　　 [] []
[2020-02-10 14:25:01] notes.ERROR: EROORです　 [] []
[2020-02-10 14:25:43] notes.DEBUG: デバッグ　メッセージ　 [] []
[2020-02-10 14:25:43] notes.DEBUG: /Applications/XAMPP/xamppfiles/htdocs/memo [] []
[2020-02-10 14:25:43] notes.WARNING: 警告レベル　　の　メッセージ　　　 [] []
[2020-02-10 14:25:43] notes.ERROR: EROORです　 [] []
[2020-02-10 14:25:44] notes.DEBUG: デバッグ　メッセージ　 [] []
[2020-02-10 14:25:44] notes.DEBUG: /Applications/XAMPP/xamppfiles/htdocs/memo [] []
[2020-02-10 14:25:44] notes.WARNING: 警告レベル　　の　メッセージ　　　 [] []
[2020-02-10 14:25:44] notes.ERROR: EROORです　 [] []
[2020-02-10 14:25:44] notes.DEBUG: デバッグ　メッセージ　 [] []
[2020-02-10 14:25:44] notes.DEBUG: /Applications/XAMPP/xamppfiles/htdocs/memo [] []
[2020-02-10 14:25:44] notes.WARNING: 警告レベル　　の　メッセージ　　　 [] []
[2020-02-10 14:25:44] notes.ERROR: EROORです　 [] []
[2020-02-10 14:25:48] notes.DEBUG: デバッグ　メッセージ　 [] []
[2020-02-10 14:25:48] notes.DEBUG: /Applications/XAMPP/xamppfiles/htdocs/memo [] []
[2020-02-10 14:25:48] notes.WARNING: 警告レベル　　の　メッセージ　　　 [] []
[2020-02-10 14:25:48] notes.ERROR: EROORです　 [] []
[2020-02-10 14:26:23] notes.DEBUG: デバッグ　メッセージ　 [] []
[2020-02-10 14:26:23] notes.DEBUG: /Applications/XAMPP/xamppfiles/htdocs/memo [] []
[2020-02-10 14:26:23] notes.WARNING: 警告レベル　　の　メッセージ　　　 [] []
[2020-02-10 14:26:23] notes.ERROR: EROORです　 [] []
[2020-02-10 14:26:33] notes.DEBUG: デバッグ　メッセージ　 [] []
[2020-02-10 14:26:33] notes.DEBUG: /Applications/XAMPP/xamppfiles/htdocs/memo [] []
[2020-02-10 14:26:33] notes.WARNING: 警告レベル　　の　メッセージ　　　 [] []
[2020-02-10 14:26:33] notes.ERROR: EROORです　 [] []
[2020-02-10 14:27:24] notes.DEBUG: デバッグ　メッセージ　 [] []
[2020-02-10 14:27:24] notes.DEBUG: /Applications/XAMPP/xamppfiles/htdocs/memo [] []
[2020-02-10 14:27:24] notes.WARNING: 警告レベル　　の　メッセージ　　　 [] []
[2020-02-10 14:27:24] notes.ERROR: EROORです　 [] []
[2020-02-10 14:27:28] notes.DEBUG: デバッグ　メッセージ　 [] []
[2020-02-10 14:27:28] notes.DEBUG: /Applications/XAMPP/xamppfiles/htdocs/memo [] []
[2020-02-10 14:27:28] notes.WARNING: 警告レベル　　の　メッセージ　　　 [] []
[2020-02-10 14:27:28] notes.ERROR: EROORです　 [] []
[2020-02-10 14:27:32] notes.DEBUG: デバッグ　メッセージ　 [] []
[2020-02-10 14:27:32] notes.DEBUG: /Applications/XAMPP/xamppfiles/htdocs/memo [] []
[2020-02-10 14:27:32] notes.WARNING: 警告レベル　　の　メッセージ　　　 [] []
[2020-02-10 14:27:32] notes.ERROR: EROORです　 [] []
[2020-02-10 14:27:41] notes.DEBUG: デバッグ　メッセージ　 [] []
[2020-02-10 14:27:41] notes.DEBUG: /Applications/XAMPP/xamppfiles/htdocs/memo [] []
[2020-02-10 14:27:41] notes.WARNING: 警告レベル　　の　メッセージ　　　 [] []
[2020-02-10 14:27:41] notes.ERROR: EROORです　 [] []
[2020-02-10 14:27:50] notes.DEBUG: デバッグ　メッセージ　 [] []
[2020-02-10 14:27:50] notes.DEBUG: /Applications/XAMPP/xamppfiles/htdocs/memo [] []
[2020-02-10 14:27:50] notes.WARNING: 警告レベル　　の　メッセージ　　　 [] []
[2020-02-10 14:27:50] notes.ERROR: EROORです　 [] []
[2020-02-10 14:27:56] notes.DEBUG: デバッグ　メッセージ　 [] []
[2020-02-10 14:27:56] notes.DEBUG: /Applications/XAMPP/xamppfiles/htdocs/memo [] []
[2020-02-10 14:27:56] notes.WARNING: 警告レベル　　の　メッセージ　　　 [] []
[2020-02-10 14:27:56] notes.ERROR: EROORです　 [] []
[2020-02-10 14:33:18] notes.DEBUG: デバッグ　メッセージ　 [] []
[2020-02-10 14:33:18] notes.DEBUG: /Applications/XAMPP/xamppfiles/htdocs/memo [] []
[2020-02-10 14:33:18] notes.WARNING: 警告レベル　　の　メッセージ　　　 [] []
[2020-02-10 14:33:18] notes.ERROR: EROORです　 [] []
[2020-02-10 14:33:23] notes.DEBUG: デバッグ　メッセージ　 [] []
[2020-02-10 14:33:23] notes.DEBUG: /Applications/XAMPP/xamppfiles/htdocs/memo [] []
[2020-02-10 14:33:23] notes.WARNING: 警告レベル　　の　メッセージ　　　 [] []
[2020-02-10 14:33:23] notes.ERROR: EROORです　 [] []
[2020-02-10 14:33:37] notes.DEBUG: デバッグ　メッセージ　 [] []
[2020-02-10 14:33:37] notes.DEBUG: /Applications/XAMPP/xamppfiles/htdocs/memo [] []
[2020-02-10 14:33:37] notes.WARNING: 警告レベル　　の　メッセージ　　　 [] []
[2020-02-10 14:33:37] notes.ERROR: EROORです　 [] []
[2020-02-10 14:33:42] notes.DEBUG: デバッグ　メッセージ　 [] []
[2020-02-10 14:33:42] notes.DEBUG: /Applications/XAMPP/xamppfiles/htdocs/memo [] []
[2020-02-10 14:33:42] notes.WARNING: 警告レベル　　の　メッセージ　　　 [] []
[2020-02-10 14:33:42] notes.ERROR: EROORです　 [] []
[2020-02-10 14:33:50] notes.DEBUG: デバッグ　メッセージ　 [] []
[2020-02-10 14:33:50] notes.DEBUG: /Applications/XAMPP/xamppfiles/htdocs/memo [] []
[2020-02-10 14:33:50] notes.WARNING: 警告レベル　　の　メッセージ　　　 [] []
[2020-02-10 14:33:50] notes.ERROR: EROORです　 [] []
[2020-02-10 14:34:58] notes.DEBUG: デバッグ　メッセージ　 [] []
[2020-02-10 14:34:58] notes.DEBUG: /Applications/XAMPP/xamppfiles/htdocs/memo [] []
[2020-02-10 14:34:58] notes.WARNING: 警告レベル　　の　メッセージ　　　 [] []
[2020-02-10 14:34:58] notes.ERROR: EROORです　 [] []
[2020-02-10 14:35:04] notes.DEBUG: デバッグ　メッセージ　 [] []
[2020-02-10 14:35:04] notes.DEBUG: /Applications/XAMPP/xamppfiles/htdocs/memo [] []
[2020-02-10 14:35:04] notes.WARNING: 警告レベル　　の　メッセージ　　　 [] []
[2020-02-10 14:35:04] notes.ERROR: EROORです　 [] []
[2020-02-10 14:35:08] notes.DEBUG: デバッグ　メッセージ　 [] []
[2020-02-10 14:35:08] notes.DEBUG: /Applications/XAMPP/xamppfiles/htdocs/memo [] []
[2020-02-10 14:35:08] notes.WARNING: 警告レベル　　の　メッセージ　　　 [] []
[2020-02-10 14:35:08] notes.ERROR: EROORです　 [] []
[2020-02-10 14:35:34] notes.DEBUG: デバッグ　メッセージ　 [] []
[2020-02-10 14:35:34] notes.DEBUG: /Applications/XAMPP/xamppfiles/htdocs/memo [] []
[2020-02-10 14:35:34] notes.WARNING: 警告レベル　　の　メッセージ　　　 [] []
[2020-02-10 14:35:34] notes.ERROR: EROORです　 [] []
[2020-02-10 14:38:52] notes.DEBUG: デバッグ　メッセージ　 [] []
[2020-02-10 14:38:52] notes.DEBUG: /Applications/XAMPP/xamppfiles/htdocs/memo [] []
[2020-02-10 14:38:52] notes.WARNING: 警告レベル　　の　メッセージ　　　 [] []
[2020-02-10 14:38:52] notes.ERROR: EROORです　 [] []
[2020-02-10 14:39:34] notes.DEBUG: デバッグ　メッセージ　 [] []
[2020-02-10 14:39:34] notes.DEBUG: /Applications/XAMPP/xamppfiles/htdocs/memo [] []
[2020-02-10 14:39:34] notes.WARNING: 警告レベル　　の　メッセージ　　　 [] []
[2020-02-10 14:39:34] notes.ERROR: EROORです　 [] []
[2020-02-10 14:40:06] notes.DEBUG: デバッグ　メッセージ　 [] []
[2020-02-10 14:40:06] notes.DEBUG: /Applications/XAMPP/xamppfiles/htdocs/memo [] []
[2020-02-10 14:40:06] notes.WARNING: 警告レベル　　の　メッセージ　　　 [] []
[2020-02-10 14:40:06] notes.ERROR: EROORです　 [] []
[2020-02-10 14:40:15] notes.DEBUG: デバッグ　メッセージ　 [] []
[2020-02-10 14:40:15] notes.DEBUG: /Applications/XAMPP/xamppfiles/htdocs/memo [] []
[2020-02-10 14:40:15] notes.WARNING: 警告レベル　　の　メッセージ　　　 [] []
[2020-02-10 14:40:15] notes.ERROR: EROORです　 [] []
[2020-02-10 14:40:55] notes.DEBUG: デバッグ　メッセージ　 [] []
[2020-02-10 14:40:55] notes.DEBUG: /Applications/XAMPP/xamppfiles/htdocs/memo [] []
[2020-02-10 14:40:55] notes.WARNING: 警告レベル　　の　メッセージ　　　 [] []
[2020-02-10 14:40:55] notes.ERROR: EROORです　 [] []
[2020-02-10 14:40:59] notes.DEBUG: デバッグ　メッセージ　 [] []
[2020-02-10 14:40:59] notes.DEBUG: /Applications/XAMPP/xamppfiles/htdocs/memo [] []
[2020-02-10 14:40:59] notes.WARNING: 警告レベル　　の　メッセージ　　　 [] []
[2020-02-10 14:40:59] notes.ERROR: EROORです　 [] []
[2020-02-10 14:41:39] notes.DEBUG: デバッグ　メッセージ　 [] []
[2020-02-10 14:41:39] notes.DEBUG: /Applications/XAMPP/xamppfiles/htdocs/memo [] []
[2020-02-10 14:41:39] notes.WARNING: 警告レベル　　の　メッセージ　　　 [] []
[2020-02-10 14:41:39] notes.ERROR: EROORです　 [] []
[2020-02-10 14:41:43] notes.DEBUG: デバッグ　メッセージ　 [] []
[2020-02-10 14:41:43] notes.DEBUG: /Applications/XAMPP/xamppfiles/htdocs/memo [] []
[2020-02-10 14:41:43] notes.WARNING: 警告レベル　　の　メッセージ　　　 [] []
[2020-02-10 14:41:43] notes.ERROR: EROORです　 [] []
[2020-02-10 14:41:46] notes.DEBUG: デバッグ　メッセージ　 [] []
[2020-02-10 14:41:46] notes.DEBUG: /Applications/XAMPP/xamppfiles/htdocs/memo [] []
[2020-02-10 14:41:46] notes.WARNING: 警告レベル　　の　メッセージ　　　 [] []
[2020-02-10 14:41:46] notes.ERROR: EROORです　 [] []
[2020-02-10 14:41:50] notes.DEBUG: デバッグ　メッセージ　 [] []
[2020-02-10 14:41:50] notes.DEBUG: /Applications/XAMPP/xamppfiles/htdocs/memo [] []
[2020-02-10 14:41:50] notes.WARNING: 警告レベル　　の　メッセージ　　　 [] []
[2020-02-10 14:41:50] notes.ERROR: EROORです　 [] []
[2020-02-10 14:41:54] notes.DEBUG: デバッグ　メッセージ　 [] []
[2020-02-10 14:41:54] notes.DEBUG: /Applications/XAMPP/xamppfiles/htdocs/memo [] []
[2020-02-10 14:41:54] notes.WARNING: 警告レベル　　の　メッセージ　　　 [] []
[2020-02-10 14:41:54] notes.ERROR: EROORです　 [] []
[2020-02-10 14:42:55] notes.DEBUG: デバッグ　メッセージ　 [] []
[2020-02-10 14:42:55] notes.DEBUG: /Applications/XAMPP/xamppfiles/htdocs/memo [] []
[2020-02-10 14:42:55] notes.WARNING: 警告レベル　　の　メッセージ　　　 [] []
[2020-02-10 14:42:55] notes.ERROR: EROORです　 [] []
[2020-02-10 14:43:22] notes.DEBUG: デバッグ　メッセージ　 [] []
[2020-02-10 14:43:22] notes.DEBUG: /Applications/XAMPP/xamppfiles/htdocs/memo [] []
[2020-02-10 14:43:22] notes.WARNING: 警告レベル　　の　メッセージ　　　 [] []
[2020-02-10 14:43:22] notes.ERROR: EROORです　 [] []
[2020-02-10 14:43:41] notes.DEBUG: デバッグ　メッセージ　 [] []
[2020-02-10 14:43:41] notes.DEBUG: /Applications/XAMPP/xamppfiles/htdocs/memo [] []
[2020-02-10 14:43:41] notes.WARNING: 警告レベル　　の　メッセージ　　　 [] []
[2020-02-10 14:43:41] notes.ERROR: EROORです　 [] []
[2020-02-10 14:45:46] notes.DEBUG: デバッグ　メッセージ　 [] []
[2020-02-10 14:45:46] notes.DEBUG: /Applications/XAMPP/xamppfiles/htdocs/memo [] []
[2020-02-10 14:45:46] notes.WARNING: 警告レベル　　の　メッセージ　　　 [] []
[2020-02-10 14:45:46] notes.ERROR: EROORです　 [] []
[2020-02-10 14:45:48] notes.DEBUG: デバッグ　メッセージ　 [] []
[2020-02-10 14:45:48] notes.DEBUG: /Applications/XAMPP/xamppfiles/htdocs/memo [] []
[2020-02-10 14:45:48] notes.WARNING: 警告レベル　　の　メッセージ　　　 [] []
[2020-02-10 14:45:48] notes.ERROR: EROORです　 [] []
[2020-02-10 14:45:51] notes.DEBUG: デバッグ　メッセージ　 [] []
[2020-02-10 14:45:51] notes.DEBUG: /Applications/XAMPP/xamppfiles/htdocs/memo [] []
[2020-02-10 14:45:51] notes.WARNING: 警告レベル　　の　メッセージ　　　 [] []
[2020-02-10 14:45:51] notes.ERROR: EROORです　 [] []
[2020-02-10 14:45:53] notes.DEBUG: デバッグ　メッセージ　 [] []
[2020-02-10 14:45:53] notes.DEBUG: /Applications/XAMPP/xamppfiles/htdocs/memo [] []
[2020-02-10 14:45:53] notes.WARNING: 警告レベル　　の　メッセージ　　　 [] []
[2020-02-10 14:45:53] notes.ERROR: EROORです　 [] []
[2020-02-10 14:45:57] notes.DEBUG: デバッグ　メッセージ　 [] []
[2020-02-10 14:45:57] notes.DEBUG: /Applications/XAMPP/xamppfiles/htdocs/memo [] []
[2020-02-10 14:45:57] notes.WARNING: 警告レベル　　の　メッセージ　　　 [] []
[2020-02-10 14:45:57] notes.ERROR: EROORです　 [] []
[2020-02-10 14:46:01] notes.DEBUG: デバッグ　メッセージ　 [] []
[2020-02-10 14:46:01] notes.DEBUG: /Applications/XAMPP/xamppfiles/htdocs/memo [] []
[2020-02-10 14:46:01] notes.WARNING: 警告レベル　　の　メッセージ　　　 [] []
[2020-02-10 14:46:01] notes.ERROR: EROORです　 [] []
[2020-02-10 14:46:05] notes.DEBUG: デバッグ　メッセージ　 [] []
[2020-02-10 14:46:05] notes.DEBUG: /Applications/XAMPP/xamppfiles/htdocs/memo [] []
[2020-02-10 14:46:05] notes.WARNING: 警告レベル　　の　メッセージ　　　 [] []
[2020-02-10 14:46:05] notes.ERROR: EROORです　 [] []
[2020-02-10 14:46:07] notes.DEBUG: デバッグ　メッセージ　 [] []
[2020-02-10 14:46:07] notes.DEBUG: /Applications/XAMPP/xamppfiles/htdocs/memo [] []
[2020-02-10 14:46:07] notes.WARNING: 警告レベル　　の　メッセージ　　　 [] []
[2020-02-10 14:46:07] notes.ERROR: EROORです　 [] []
[2020-02-10 14:46:12] notes.DEBUG: デバッグ　メッセージ　 [] []
[2020-02-10 14:46:12] notes.DEBUG: /Applications/XAMPP/xamppfiles/htdocs/memo [] []
[2020-02-10 14:46:12] notes.WARNING: 警告レベル　　の　メッセージ　　　 [] []
[2020-02-10 14:46:12] notes.ERROR: EROORです　 [] []
[2020-02-10 14:47:23] notes.DEBUG: デバッグ　メッセージ　 [] []
[2020-02-10 14:47:23] notes.DEBUG: /Applications/XAMPP/xamppfiles/htdocs/memo [] []
[2020-02-10 14:47:23] notes.WARNING: 警告レベル　　の　メッセージ　　　 [] []
[2020-02-10 14:47:23] notes.ERROR: EROORです　 [] []
[2020-02-10 14:47:33] notes.DEBUG: デバッグ　メッセージ　 [] []
[2020-02-10 14:47:33] notes.DEBUG: /Applications/XAMPP/xamppfiles/htdocs/memo [] []
[2020-02-10 14:47:33] notes.WARNING: 警告レベル　　の　メッセージ　　　 [] []
[2020-02-10 14:47:33] notes.ERROR: EROORです　 [] []
[2020-02-10 14:47:38] notes.DEBUG: デバッグ　メッセージ　 [] []
[2020-02-10 14:47:38] notes.DEBUG: /Applications/XAMPP/xamppfiles/htdocs/memo [] []
[2020-02-10 14:47:38] notes.WARNING: 警告レベル　　の　メッセージ　　　 [] []
[2020-02-10 14:47:38] notes.ERROR: EROORです　 [] []
[2020-02-10 14:47:41] notes.DEBUG: デバッグ　メッセージ　 [] []
[2020-02-10 14:47:41] notes.DEBUG: /Applications/XAMPP/xamppfiles/htdocs/memo [] []
[2020-02-10 14:47:41] notes.WARNING: 警告レベル　　の　メッセージ　　　 [] []
[2020-02-10 14:47:41] notes.ERROR: EROORです　 [] []
[2020-02-10 14:47:57] notes.DEBUG: デバッグ　メッセージ　 [] []
[2020-02-10 14:47:57] notes.DEBUG: /Applications/XAMPP/xamppfiles/htdocs/memo [] []
[2020-02-10 14:47:57] notes.WARNING: 警告レベル　　の　メッセージ　　　 [] []
[2020-02-10 14:47:57] notes.ERROR: EROORです　 [] []
[2020-02-10 14:48:04] notes.DEBUG: デバッグ　メッセージ　 [] []
[2020-02-10 14:48:04] notes.DEBUG: /Applications/XAMPP/xamppfiles/htdocs/memo [] []
[2020-02-10 14:48:04] notes.WARNING: 警告レベル　　の　メッセージ　　　 [] []
[2020-02-10 14:48:04] notes.ERROR: EROORです　 [] []
[2020-02-11 14:33:36] notes.DEBUG: デバッグ　メッセージ　 [] []
[2020-02-11 14:33:36] notes.DEBUG: /Applications/XAMPP/xamppfiles/htdocs/memo [] []
[2020-02-11 14:33:36] notes.WARNING: 警告レベル　　の　メッセージ　　　 [] []
[2020-02-11 14:33:36] notes.ERROR: EROORです　 [] []
[2020-02-11 14:33:48] notes.DEBUG: デバッグ　メッセージ　 [] []
[2020-02-11 14:33:48] notes.DEBUG: /Applications/XAMPP/xamppfiles/htdocs/memo [] []
[2020-02-11 14:33:48] notes.WARNING: 警告レベル　　の　メッセージ　　　 [] []
[2020-02-11 14:33:48] notes.ERROR: EROORです　 [] []
[2020-02-11 14:33:53] notes.DEBUG: デバッグ　メッセージ　 [] []
[2020-02-11 14:33:53] notes.DEBUG: /Applications/XAMPP/xamppfiles/htdocs/memo [] []
[2020-02-11 14:33:53] notes.WARNING: 警告レベル　　の　メッセージ　　　 [] []
[2020-02-11 14:33:53] notes.ERROR: EROORです　 [] []
[2020-02-11 14:33:56] notes.DEBUG: デバッグ　メッセージ　 [] []
[2020-02-11 14:33:56] notes.DEBUG: /Applications/XAMPP/xamppfiles/htdocs/memo [] []
[2020-02-11 14:33:56] notes.WARNING: 警告レベル　　の　メッセージ　　　 [] []
[2020-02-11 14:33:56] notes.ERROR: EROORです　 [] []
[2020-02-11 14:33:59] notes.DEBUG: デバッグ　メッセージ　 [] []
[2020-02-11 14:33:59] notes.DEBUG: /Applications/XAMPP/xamppfiles/htdocs/memo [] []
[2020-02-11 14:33:59] notes.WARNING: 警告レベル　　の　メッセージ　　　 [] []
[2020-02-11 14:33:59] notes.ERROR: EROORです　 [] []
[2020-02-11 14:34:03] notes.DEBUG: デバッグ　メッセージ　 [] []
[2020-02-11 14:34:03] notes.DEBUG: /Applications/XAMPP/xamppfiles/htdocs/memo [] []
[2020-02-11 14:34:03] notes.WARNING: 警告レベル　　の　メッセージ　　　 [] []
[2020-02-11 14:34:03] notes.ERROR: EROORです　 [] []
[2020-02-11 14:34:12] notes.DEBUG: デバッグ　メッセージ　 [] []
[2020-02-11 14:34:12] notes.DEBUG: /Applications/XAMPP/xamppfiles/htdocs/memo [] []
[2020-02-11 14:34:12] notes.WARNING: 警告レベル　　の　メッセージ　　　 [] []
[2020-02-11 14:34:12] notes.ERROR: EROORです　 [] []
[2020-02-11 14:34:20] notes.DEBUG: デバッグ　メッセージ　 [] []
[2020-02-11 14:34:20] notes.DEBUG: /Applications/XAMPP/xamppfiles/htdocs/memo [] []
[2020-02-11 14:34:20] notes.WARNING: 警告レベル　　の　メッセージ　　　 [] []
[2020-02-11 14:34:20] notes.ERROR: EROORです　 [] []
[2020-02-11 14:34:31] notes.DEBUG: デバッグ　メッセージ　 [] []
[2020-02-11 14:34:31] notes.DEBUG: /Applications/XAMPP/xamppfiles/htdocs/memo [] []
[2020-02-11 14:34:31] notes.WARNING: 警告レベル　　の　メッセージ　　　 [] []
[2020-02-11 14:34:31] notes.ERROR: EROORです　 [] []
[2020-02-12 02:21:45] notes.DEBUG: デバッグ　メッセージ　 [] []
[2020-02-12 02:21:45] notes.DEBUG: /Applications/XAMPP/xamppfiles/htdocs/memo [] []
[2020-02-12 02:21:45] notes.WARNING: 警告レベル　　の　メッセージ　　　 [] []
[2020-02-12 02:21:45] notes.ERROR: EROORです　 [] []
[2020-02-12 02:22:05] notes.DEBUG: デバッグ　メッセージ　 [] []
[2020-02-12 02:22:05] notes.DEBUG: /Applications/XAMPP/xamppfiles/htdocs/memo [] []
[2020-02-12 02:22:05] notes.WARNING: 警告レベル　　の　メッセージ　　　 [] []
[2020-02-12 02:22:05] notes.ERROR: EROORです　 [] []
[2020-02-12 02:22:14] notes.DEBUG: デバッグ　メッセージ　 [] []
[2020-02-12 02:22:14] notes.DEBUG: /Applications/XAMPP/xamppfiles/htdocs/memo [] []
[2020-02-12 02:22:14] notes.WARNING: 警告レベル　　の　メッセージ　　　 [] []
[2020-02-12 02:22:14] notes.ERROR: EROORです　 [] []
[2020-02-12 02:22:20] notes.DEBUG: デバッグ　メッセージ　 [] []
[2020-02-12 02:22:20] notes.DEBUG: /Applications/XAMPP/xamppfiles/htdocs/memo [] []
[2020-02-12 02:22:20] notes.WARNING: 警告レベル　　の　メッセージ　　　 [] []
[2020-02-12 02:22:20] notes.ERROR: EROORです　 [] []
[2020-02-12 02:22:54] notes.DEBUG: デバッグ　メッセージ　 [] []
[2020-02-12 02:22:54] notes.DEBUG: /Applications/XAMPP/xamppfiles/htdocs/memo [] []
[2020-02-12 02:22:54] notes.WARNING: 警告レベル　　の　メッセージ　　　 [] []
[2020-02-12 02:22:54] notes.ERROR: EROORです　 [] []
[2020-02-12 02:23:12] notes.DEBUG: デバッグ　メッセージ　 [] []
[2020-02-12 02:23:12] notes.DEBUG: /Applications/XAMPP/xamppfiles/htdocs/memo [] []
[2020-02-12 02:23:12] notes.WARNING: 警告レベル　　の　メッセージ　　　 [] []
[2020-02-12 02:23:12] notes.ERROR: EROORです　 [] []
[2020-02-12 05:21:14] notes.DEBUG: デバッグ　メッセージ　 [] []
[2020-02-12 05:21:14] notes.DEBUG: /Applications/XAMPP/xamppfiles/htdocs/memo [] []
[2020-02-12 05:21:14] notes.WARNING: 警告レベル　　の　メッセージ　　　 [] []
[2020-02-12 05:21:14] notes.ERROR: EROORです　 [] []
[2020-02-12 05:35:27] notes.DEBUG: デバッグ　メッセージ　 [] []
[2020-02-12 05:35:27] notes.DEBUG: /Applications/XAMPP/xamppfiles/htdocs/memo [] []
[2020-02-12 05:35:27] notes.WARNING: 警告レベル　　の　メッセージ　　　 [] []
[2020-02-12 05:35:27] notes.ERROR: EROORです　 [] []
[2020-02-12 05:35:32] notes.DEBUG: デバッグ　メッセージ　 [] []
[2020-02-12 05:35:32] notes.DEBUG: /Applications/XAMPP/xamppfiles/htdocs/memo [] []
[2020-02-12 05:35:32] notes.WARNING: 警告レベル　　の　メッセージ　　　 [] []
[2020-02-12 05:35:32] notes.ERROR: EROORです　 [] []
[2020-02-12 05:35:35] notes.DEBUG: デバッグ　メッセージ　 [] []
[2020-02-12 05:35:35] notes.DEBUG: /Applications/XAMPP/xamppfiles/htdocs/memo [] []
[2020-02-12 05:35:35] notes.WARNING: 警告レベル　　の　メッセージ　　　 [] []
[2020-02-12 05:35:35] notes.ERROR: EROORです　 [] []
[2020-02-12 05:35:42] notes.DEBUG: デバッグ　メッセージ　 [] []
[2020-02-12 05:35:42] notes.DEBUG: /Applications/XAMPP/xamppfiles/htdocs/memo [] []
[2020-02-12 05:35:42] notes.WARNING: 警告レベル　　の　メッセージ　　　 [] []
[2020-02-12 05:35:42] notes.ERROR: EROORです　 [] []
[2020-02-12 05:35:45] notes.DEBUG: デバッグ　メッセージ　 [] []
[2020-02-12 05:35:45] notes.DEBUG: /Applications/XAMPP/xamppfiles/htdocs/memo [] []
[2020-02-12 05:35:45] notes.WARNING: 警告レベル　　の　メッセージ　　　 [] []
[2020-02-12 05:35:45] notes.ERROR: EROORです　 [] []
[2020-02-12 05:40:19] notes.DEBUG: デバッグ　メッセージ　 [] []
[2020-02-12 05:40:19] notes.DEBUG: /Applications/XAMPP/xamppfiles/htdocs/memo [] []
[2020-02-12 05:40:19] notes.WARNING: 警告レベル　　の　メッセージ　　　 [] []
[2020-02-12 05:40:19] notes.ERROR: EROORです　 [] []
[2020-02-12 05:40:22] notes.DEBUG: デバッグ　メッセージ　 [] []
[2020-02-12 05:40:22] notes.DEBUG: /Applications/XAMPP/xamppfiles/htdocs/memo [] []
[2020-02-12 05:40:22] notes.WARNING: 警告レベル　　の　メッセージ　　　 [] []
[2020-02-12 05:40:22] notes.ERROR: EROORです　 [] []
[2020-02-12 05:40:59] notes.DEBUG: デバッグ　メッセージ　 [] []
[2020-02-12 05:40:59] notes.DEBUG: /Applications/XAMPP/xamppfiles/htdocs/memo [] []
[2020-02-12 05:40:59] notes.WARNING: 警告レベル　　の　メッセージ　　　 [] []
[2020-02-12 05:40:59] notes.ERROR: EROORです　 [] []
[2020-02-12 05:41:02] notes.DEBUG: デバッグ　メッセージ　 [] []
[2020-02-12 05:41:02] notes.DEBUG: /Applications/XAMPP/xamppfiles/htdocs/memo [] []
[2020-02-12 05:41:02] notes.WARNING: 警告レベル　　の　メッセージ　　　 [] []
[2020-02-12 05:41:02] notes.ERROR: EROORです　 [] []
[2020-02-12 05:41:05] notes.DEBUG: デバッグ　メッセージ　 [] []
[2020-02-12 05:41:05] notes.DEBUG: /Applications/XAMPP/xamppfiles/htdocs/memo [] []
[2020-02-12 05:41:05] notes.WARNING: 警告レベル　　の　メッセージ　　　 [] []
[2020-02-12 05:41:05] notes.ERROR: EROORです　 [] []
[2020-02-12 05:41:09] notes.DEBUG: デバッグ　メッセージ　 [] []
[2020-02-12 05:41:09] notes.DEBUG: /Applications/XAMPP/xamppfiles/htdocs/memo [] []
[2020-02-12 05:41:09] notes.WARNING: 警告レベル　　の　メッセージ　　　 [] []
[2020-02-12 05:41:09] notes.ERROR: EROORです　 [] []
[2020-02-12 05:41:17] notes.DEBUG: デバッグ　メッセージ　 [] []
[2020-02-12 05:41:17] notes.DEBUG: /Applications/XAMPP/xamppfiles/htdocs/memo [] []
[2020-02-12 05:41:17] notes.WARNING: 警告レベル　　の　メッセージ　　　 [] []
[2020-02-12 05:41:17] notes.ERROR: EROORです　 [] []
[2020-02-12 05:41:23] notes.DEBUG: デバッグ　メッセージ　 [] []
[2020-02-12 05:41:23] notes.DEBUG: /Applications/XAMPP/xamppfiles/htdocs/memo [] []
[2020-02-12 05:41:23] notes.WARNING: 警告レベル　　の　メッセージ　　　 [] []
[2020-02-12 05:41:23] notes.ERROR: EROORです　 [] []
[2020-02-12 05:43:46] notes.DEBUG: デバッグ　メッセージ　 [] []
[2020-02-12 05:43:46] notes.DEBUG: /Applications/XAMPP/xamppfiles/htdocs/memo [] []
[2020-02-12 05:43:46] notes.WARNING: 警告レベル　　の　メッセージ　　　 [] []
[2020-02-12 05:43:46] notes.ERROR: EROORです　 [] []
[2020-02-12 05:46:31] notes.DEBUG: デバッグ　メッセージ　 [] []
[2020-02-12 05:46:31] notes.DEBUG: /Applications/XAMPP/xamppfiles/htdocs/memo [] []
[2020-02-12 05:46:31] notes.WARNING: 警告レベル　　の　メッセージ　　　 [] []
[2020-02-12 05:46:31] notes.ERROR: EROORです　 [] []
[2020-02-12 05:47:16] notes.DEBUG: デバッグ　メッセージ　 [] []
[2020-02-12 05:47:16] notes.DEBUG: /Applications/XAMPP/xamppfiles/htdocs/memo [] []
[2020-02-12 05:47:16] notes.WARNING: 警告レベル　　の　メッセージ　　　 [] []
[2020-02-12 05:47:16] notes.ERROR: EROORです　 [] []
[2020-02-12 06:04:53] notes.DEBUG: デバッグ　メッセージ　 [] []
[2020-02-12 06:04:53] notes.DEBUG: /Applications/XAMPP/xamppfiles/htdocs/memo [] []
[2020-02-12 06:04:53] notes.WARNING: 警告レベル　　の　メッセージ　　　 [] []
[2020-02-12 06:04:53] notes.ERROR: EROORです　 [] []
[2020-02-12 06:05:16] notes.DEBUG: デバッグ　メッセージ　 [] []
[2020-02-12 06:05:16] notes.DEBUG: /Applications/XAMPP/xamppfiles/htdocs/memo [] []
[2020-02-12 06:05:16] notes.WARNING: 警告レベル　　の　メッセージ　　　 [] []
[2020-02-12 06:05:16] notes.ERROR: EROORです　 [] []
[2020-02-12 06:05:20] notes.DEBUG: デバッグ　メッセージ　 [] []
[2020-02-12 06:05:20] notes.DEBUG: /Applications/XAMPP/xamppfiles/htdocs/memo [] []
[2020-02-12 06:05:20] notes.WARNING: 警告レベル　　の　メッセージ　　　 [] []
[2020-02-12 06:05:20] notes.ERROR: EROORです　 [] []
[2020-02-12 06:05:34] notes.DEBUG: デバッグ　メッセージ　 [] []
[2020-02-12 06:05:34] notes.DEBUG: /Applications/XAMPP/xamppfiles/htdocs/memo [] []
[2020-02-12 06:05:34] notes.WARNING: 警告レベル　　の　メッセージ　　　 [] []
[2020-02-12 06:05:34] notes.ERROR: EROORです　 [] []
[2020-02-12 15:06:26] notes.DEBUG: デバッグ　メッセージ　 [] []
[2020-02-12 15:06:26] notes.DEBUG: /Applications/XAMPP/xamppfiles/htdocs/memo [] []
[2020-02-12 15:06:26] notes.WARNING: 警告レベル　　の　メッセージ　　　 [] []
[2020-02-12 15:06:26] notes.ERROR: EROORです　 [] []
[2020-02-12 15:10:07] notes.DEBUG: デバッグ　メッセージ　 [] []
[2020-02-12 15:10:07] notes.DEBUG: /Applications/XAMPP/xamppfiles/htdocs/memo [] []
[2020-02-12 15:10:07] notes.WARNING: 警告レベル　　の　メッセージ　　　 [] []
[2020-02-12 15:10:07] notes.ERROR: EROORです　 [] []
[2020-02-13 09:10:45] notes.DEBUG: デバッグ　メッセージ　 [] []
[2020-02-13 09:10:45] notes.DEBUG: /Applications/XAMPP/xamppfiles/htdocs/memo [] []
[2020-02-13 09:10:45] notes.WARNING: 警告レベル　　の　メッセージ　　　 [] []
[2020-02-13 09:10:45] notes.ERROR: EROORです　 [] []
[2020-02-13 09:10:50] notes.DEBUG: デバッグ　メッセージ　 [] []
[2020-02-13 09:10:50] notes.DEBUG: /Applications/XAMPP/xamppfiles/htdocs/memo [] []
[2020-02-13 09:10:50] notes.WARNING: 警告レベル　　の　メッセージ　　　 [] []
[2020-02-13 09:10:50] notes.ERROR: EROORです　 [] []
[2020-02-13 09:10:56] notes.DEBUG: デバッグ　メッセージ　 [] []
[2020-02-13 09:10:56] notes.DEBUG: /Applications/XAMPP/xamppfiles/htdocs/memo [] []
[2020-02-13 09:10:56] notes.WARNING: 警告レベル　　の　メッセージ　　　 [] []
[2020-02-13 09:10:56] notes.ERROR: EROORです　 [] []
[2020-02-13 09:11:30] notes.DEBUG: デバッグ　メッセージ　 [] []
[2020-02-13 09:11:30] notes.DEBUG: /Applications/XAMPP/xamppfiles/htdocs/memo [] []
[2020-02-13 09:11:30] notes.WARNING: 警告レベル　　の　メッセージ　　　 [] []
[2020-02-13 09:11:30] notes.ERROR: EROORです　 [] []
[2020-02-13 10:11:13] notes.DEBUG: デバッグ　メッセージ　 [] []
[2020-02-13 10:11:13] notes.DEBUG: /Applications/XAMPP/xamppfiles/htdocs/memo [] []
[2020-02-13 10:11:13] notes.WARNING: 警告レベル　　の　メッセージ　　　 [] []
[2020-02-13 10:11:13] notes.ERROR: EROORです　 [] []
[2020-02-13 10:11:18] notes.DEBUG: デバッグ　メッセージ　 [] []
[2020-02-13 10:11:18] notes.DEBUG: /Applications/XAMPP/xamppfiles/htdocs/memo [] []
[2020-02-13 10:11:18] notes.WARNING: 警告レベル　　の　メッセージ　　　 [] []
[2020-02-13 10:11:18] notes.ERROR: EROORです　 [] []
[2020-02-13 10:14:22] notes.DEBUG: デバッグ　メッセージ　 [] []
[2020-02-13 10:14:22] notes.DEBUG: /Applications/XAMPP/xamppfiles/htdocs/memo [] []
[2020-02-13 10:14:22] notes.WARNING: 警告レベル　　の　メッセージ　　　 [] []
[2020-02-13 10:14:22] notes.ERROR: EROORです　 [] []
[2020-02-13 10:15:21] notes.DEBUG: デバッグ　メッセージ　 [] []
[2020-02-13 10:15:22] notes.DEBUG: /Applications/XAMPP/xamppfiles/htdocs/memo [] []
[2020-02-13 10:15:22] notes.WARNING: 警告レベル　　の　メッセージ　　　 [] []
[2020-02-13 10:15:22] notes.ERROR: EROORです　 [] []
[2020-02-13 10:15:27] notes.DEBUG: デバッグ　メッセージ　 [] []
[2020-02-13 10:15:27] notes.DEBUG: /Applications/XAMPP/xamppfiles/htdocs/memo [] []
[2020-02-13 10:15:27] notes.WARNING: 警告レベル　　の　メッセージ　　　 [] []
[2020-02-13 10:15:27] notes.ERROR: EROORです　 [] []
[2020-02-13 10:15:31] notes.DEBUG: デバッグ　メッセージ　 [] []
[2020-02-13 10:15:31] notes.DEBUG: /Applications/XAMPP/xamppfiles/htdocs/memo [] []
[2020-02-13 10:15:31] notes.WARNING: 警告レベル　　の　メッセージ　　　 [] []
[2020-02-13 10:15:31] notes.ERROR: EROORです　 [] []
[2020-02-13 10:33:03] notes.DEBUG: デバッグ　メッセージ　 [] []
[2020-02-13 10:33:03] notes.DEBUG: /Applications/XAMPP/xamppfiles/htdocs/memo [] []
[2020-02-13 10:33:03] notes.WARNING: 警告レベル　　の　メッセージ　　　 [] []
[2020-02-13 10:33:03] notes.ERROR: EROORです　 [] []
[2020-02-13 10:33:07] notes.DEBUG: デバッグ　メッセージ　 [] []
[2020-02-13 10:33:07] notes.DEBUG: /Applications/XAMPP/xamppfiles/htdocs/memo [] []
[2020-02-13 10:33:07] notes.WARNING: 警告レベル　　の　メッセージ　　　 [] []
[2020-02-13 10:33:07] notes.ERROR: EROORです　 [] []
[2020-02-13 10:33:17] notes.DEBUG: デバッグ　メッセージ　 [] []
[2020-02-13 10:33:17] notes.DEBUG: /Applications/XAMPP/xamppfiles/htdocs/memo [] []
[2020-02-13 10:33:17] notes.WARNING: 警告レベル　　の　メッセージ　　　 [] []
[2020-02-13 10:33:17] notes.ERROR: EROORです　 [] []
[2020-02-13 10:38:39] notes.DEBUG: デバッグ　メッセージ　 [] []
[2020-02-13 10:38:39] notes.DEBUG: /Applications/XAMPP/xamppfiles/htdocs/memo [] []
[2020-02-13 10:38:39] notes.WARNING: 警告レベル　　の　メッセージ　　　 [] []
[2020-02-13 10:38:39] notes.ERROR: EROORです　 [] []
[2020-02-13 10:38:58] notes.DEBUG: デバッグ　メッセージ　 [] []
[2020-02-13 10:38:58] notes.DEBUG: /Applications/XAMPP/xamppfiles/htdocs/memo [] []
[2020-02-13 10:38:58] notes.WARNING: 警告レベル　　の　メッセージ　　　 [] []
[2020-02-13 10:38:58] notes.ERROR: EROORです　 [] []
[2020-02-13 10:42:21] notes.DEBUG: デバッグ　メッセージ　 [] []
[2020-02-13 10:42:21] notes.DEBUG: /Applications/XAMPP/xamppfiles/htdocs/memo [] []
[2020-02-13 10:42:21] notes.WARNING: 警告レベル　　の　メッセージ　　　 [] []
[2020-02-13 10:42:21] notes.ERROR: EROORです　 [] []
[2020-02-13 10:42:25] notes.DEBUG: デバッグ　メッセージ　 [] []
[2020-02-13 10:42:25] notes.DEBUG: /Applications/XAMPP/xamppfiles/htdocs/memo [] []
[2020-02-13 10:42:25] notes.WARNING: 警告レベル　　の　メッセージ　　　 [] []
[2020-02-13 10:42:25] notes.ERROR: EROORです　 [] []
[2020-02-13 10:51:29] notes.DEBUG: デバッグ　メッセージ　 [] []
[2020-02-13 10:51:29] notes.DEBUG: /Applications/XAMPP/xamppfiles/htdocs/memo [] []
[2020-02-13 10:51:29] notes.WARNING: 警告レベル　　の　メッセージ　　　 [] []
[2020-02-13 10:51:29] notes.ERROR: EROORです　 [] []
[2020-02-13 10:51:34] notes.DEBUG: デバッグ　メッセージ　 [] []
[2020-02-13 10:51:34] notes.DEBUG: /Applications/XAMPP/xamppfiles/htdocs/memo [] []
[2020-02-13 10:51:34] notes.WARNING: 警告レベル　　の　メッセージ　　　 [] []
[2020-02-13 10:51:34] notes.ERROR: EROORです　 [] []
[2020-02-13 10:51:38] notes.DEBUG: デバッグ　メッセージ　 [] []
[2020-02-13 10:51:38] notes.DEBUG: /Applications/XAMPP/xamppfiles/htdocs/memo [] []
[2020-02-13 10:51:38] notes.WARNING: 警告レベル　　の　メッセージ　　　 [] []
[2020-02-13 10:51:38] notes.ERROR: EROORです　 [] []
[2020-02-13 10:52:07] notes.DEBUG: デバッグ　メッセージ　 [] []
[2020-02-13 10:52:07] notes.DEBUG: /Applications/XAMPP/xamppfiles/htdocs/memo [] []
[2020-02-13 10:52:07] notes.WARNING: 警告レベル　　の　メッセージ　　　 [] []
[2020-02-13 10:52:07] notes.ERROR: EROORです　 [] []
[2020-02-13 10:52:11] notes.DEBUG: デバッグ　メッセージ　 [] []
[2020-02-13 10:52:11] notes.DEBUG: /Applications/XAMPP/xamppfiles/htdocs/memo [] []
[2020-02-13 10:52:11] notes.WARNING: 警告レベル　　の　メッセージ　　　 [] []
[2020-02-13 10:52:11] notes.ERROR: EROORです　 [] []
[2020-02-13 10:52:54] notes.DEBUG: デバッグ　メッセージ　 [] []
[2020-02-13 10:52:54] notes.DEBUG: /Applications/XAMPP/xamppfiles/htdocs/memo [] []
[2020-02-13 10:52:54] notes.WARNING: 警告レベル　　の　メッセージ　　　 [] []
[2020-02-13 10:52:54] notes.ERROR: EROORです　 [] []
[2020-02-13 10:58:27] notes.DEBUG: デバッグ　メッセージ　 [] []
[2020-02-13 10:58:27] notes.DEBUG: /Applications/XAMPP/xamppfiles/htdocs/memo [] []
[2020-02-13 10:58:27] notes.WARNING: 警告レベル　　の　メッセージ　　　 [] []
[2020-02-13 10:58:27] notes.ERROR: EROORです　 [] []
[2020-02-13 10:58:31] notes.DEBUG: デバッグ　メッセージ　 [] []
[2020-02-13 10:58:31] notes.DEBUG: /Applications/XAMPP/xamppfiles/htdocs/memo [] []
[2020-02-13 10:58:31] notes.WARNING: 警告レベル　　の　メッセージ　　　 [] []
[2020-02-13 10:58:31] notes.ERROR: EROORです　 [] []
[2020-02-13 10:58:53] notes.DEBUG: デバッグ　メッセージ　 [] []
[2020-02-13 10:58:53] notes.DEBUG: /Applications/XAMPP/xamppfiles/htdocs/memo [] []
[2020-02-13 10:58:53] notes.WARNING: 警告レベル　　の　メッセージ　　　 [] []
[2020-02-13 10:58:53] notes.ERROR: EROORです　 [] []
[2020-02-13 10:58:57] notes.DEBUG: デバッグ　メッセージ　 [] []
[2020-02-13 10:58:57] notes.DEBUG: /Applications/XAMPP/xamppfiles/htdocs/memo [] []
[2020-02-13 10:58:57] notes.WARNING: 警告レベル　　の　メッセージ　　　 [] []
[2020-02-13 10:58:57] notes.ERROR: EROORです　 [] []
[2020-02-13 10:59:17] notes.DEBUG: デバッグ　メッセージ　 [] []
[2020-02-13 10:59:17] notes.DEBUG: /Applications/XAMPP/xamppfiles/htdocs/memo [] []
[2020-02-13 10:59:17] notes.WARNING: 警告レベル　　の　メッセージ　　　 [] []
[2020-02-13 10:59:17] notes.ERROR: EROORです　 [] []
[2020-02-13 10:59:20] notes.DEBUG: デバッグ　メッセージ　 [] []
[2020-02-13 10:59:20] notes.DEBUG: /Applications/XAMPP/xamppfiles/htdocs/memo [] []
[2020-02-13 10:59:20] notes.WARNING: 警告レベル　　の　メッセージ　　　 [] []
[2020-02-13 10:59:20] notes.ERROR: EROORです　 [] []
[2020-02-13 11:02:01] notes.DEBUG: デバッグ　メッセージ　 [] []
[2020-02-13 11:02:01] notes.DEBUG: /Applications/XAMPP/xamppfiles/htdocs/memo [] []
[2020-02-13 11:02:01] notes.WARNING: 警告レベル　　の　メッセージ　　　 [] []
[2020-02-13 11:02:01] notes.ERROR: EROORです　 [] []
[2020-02-13 11:02:06] notes.DEBUG: デバッグ　メッセージ　 [] []
[2020-02-13 11:02:06] notes.DEBUG: /Applications/XAMPP/xamppfiles/htdocs/memo [] []
[2020-02-13 11:02:06] notes.WARNING: 警告レベル　　の　メッセージ　　　 [] []
[2020-02-13 11:02:06] notes.ERROR: EROORです　 [] []
[2020-02-13 11:15:09] notes.DEBUG: デバッグ　メッセージ　 [] []
[2020-02-13 11:15:09] notes.DEBUG: /Applications/XAMPP/xamppfiles/htdocs/memo [] []
[2020-02-13 11:15:09] notes.WARNING: 警告レベル　　の　メッセージ　　　 [] []
[2020-02-13 11:15:09] notes.ERROR: EROORです　 [] []
[2020-02-13 11:15:14] notes.DEBUG: デバッグ　メッセージ　 [] []
[2020-02-13 11:15:14] notes.DEBUG: /Applications/XAMPP/xamppfiles/htdocs/memo [] []
[2020-02-13 11:15:14] notes.WARNING: 警告レベル　　の　メッセージ　　　 [] []
[2020-02-13 11:15:14] notes.ERROR: EROORです　 [] []
[2020-02-13 11:15:20] notes.DEBUG: デバッグ　メッセージ　 [] []
[2020-02-13 11:15:20] notes.DEBUG: /Applications/XAMPP/xamppfiles/htdocs/memo [] []
[2020-02-13 11:15:20] notes.WARNING: 警告レベル　　の　メッセージ　　　 [] []
[2020-02-13 11:15:20] notes.ERROR: EROORです　 [] []
[2020-02-13 11:15:25] notes.DEBUG: デバッグ　メッセージ　 [] []
[2020-02-13 11:15:25] notes.DEBUG: /Applications/XAMPP/xamppfiles/htdocs/memo [] []
[2020-02-13 11:15:25] notes.WARNING: 警告レベル　　の　メッセージ　　　 [] []
[2020-02-13 11:15:25] notes.ERROR: EROORです　 [] []
[2020-02-13 11:15:28] notes.DEBUG: デバッグ　メッセージ　 [] []
[2020-02-13 11:15:28] notes.DEBUG: /Applications/XAMPP/xamppfiles/htdocs/memo [] []
[2020-02-13 11:15:28] notes.WARNING: 警告レベル　　の　メッセージ　　　 [] []
[2020-02-13 11:15:28] notes.ERROR: EROORです　 [] []
[2020-02-13 11:15:41] notes.DEBUG: デバッグ　メッセージ　 [] []
[2020-02-13 11:15:41] notes.DEBUG: /Applications/XAMPP/xamppfiles/htdocs/memo [] []
[2020-02-13 11:15:41] notes.WARNING: 警告レベル　　の　メッセージ　　　 [] []
[2020-02-13 11:15:41] notes.ERROR: EROORです　 [] []
[2020-02-13 11:15:45] notes.DEBUG: デバッグ　メッセージ　 [] []
[2020-02-13 11:15:45] notes.DEBUG: /Applications/XAMPP/xamppfiles/htdocs/memo [] []
[2020-02-13 11:15:45] notes.WARNING: 警告レベル　　の　メッセージ　　　 [] []
[2020-02-13 11:15:45] notes.ERROR: EROORです　 [] []
[2020-02-13 11:24:37] notes.DEBUG: デバッグ　メッセージ　 [] []
[2020-02-13 11:24:37] notes.DEBUG: /Applications/XAMPP/xamppfiles/htdocs/memo [] []
[2020-02-13 11:24:37] notes.WARNING: 警告レベル　　の　メッセージ　　　 [] []
[2020-02-13 11:24:37] notes.ERROR: EROORです　 [] []
[2020-02-13 11:24:41] notes.DEBUG: デバッグ　メッセージ　 [] []
[2020-02-13 11:24:41] notes.DEBUG: /Applications/XAMPP/xamppfiles/htdocs/memo [] []
[2020-02-13 11:24:41] notes.WARNING: 警告レベル　　の　メッセージ　　　 [] []
[2020-02-13 11:24:41] notes.ERROR: EROORです　 [] []
[2020-02-13 11:25:05] notes.DEBUG: デバッグ　メッセージ　 [] []
[2020-02-13 11:25:05] notes.DEBUG: /Applications/XAMPP/xamppfiles/htdocs/memo [] []
[2020-02-13 11:25:05] notes.WARNING: 警告レベル　　の　メッセージ　　　 [] []
[2020-02-13 11:25:05] notes.ERROR: EROORです　 [] []
[2020-02-13 11:25:10] notes.DEBUG: デバッグ　メッセージ　 [] []
[2020-02-13 11:25:10] notes.DEBUG: /Applications/XAMPP/xamppfiles/htdocs/memo [] []
[2020-02-13 11:25:10] notes.WARNING: 警告レベル　　の　メッセージ　　　 [] []
[2020-02-13 11:25:10] notes.ERROR: EROORです　 [] []
[2020-02-13 11:25:39] notes.DEBUG: デバッグ　メッセージ　 [] []
[2020-02-13 11:25:39] notes.DEBUG: /Applications/XAMPP/xamppfiles/htdocs/memo [] []
[2020-02-13 11:25:39] notes.WARNING: 警告レベル　　の　メッセージ　　　 [] []
[2020-02-13 11:25:39] notes.ERROR: EROORです　 [] []
[2020-02-13 11:26:28] notes.DEBUG: デバッグ　メッセージ　 [] []
[2020-02-13 11:26:28] notes.DEBUG: /Applications/XAMPP/xamppfiles/htdocs/memo [] []
[2020-02-13 11:26:28] notes.WARNING: 警告レベル　　の　メッセージ　　　 [] []
[2020-02-13 11:26:28] notes.ERROR: EROORです　 [] []
[2020-02-13 11:26:40] notes.DEBUG: デバッグ　メッセージ　 [] []
[2020-02-13 11:26:40] notes.DEBUG: /Applications/XAMPP/xamppfiles/htdocs/memo [] []
[2020-02-13 11:26:40] notes.WARNING: 警告レベル　　の　メッセージ　　　 [] []
[2020-02-13 11:26:40] notes.ERROR: EROORです　 [] []
